------------------------------------ Combination 1 ----------------------------------
     1     2

------------------ Trial 1 ------------------
<a href="matlab: opentoline('/home/pandian/studies/semester2/ML/hw2/ica/src/ica_analysis.m',104,1)">104 </a>            I = eye(size(Y, 1));
if system_dependent('IsDebugMode')==1, dbquit; end
MEvent. CASE!
MEvent. CASE!
ica_analysis
------------------------------------ Combination 1 ----------------------------------
     1     2

------------------ Trial 1 ------------------
<a href="matlab: opentoline('/home/pandian/studies/semester2/ML/hw2/ica/src/ica_analysis.m',108,1)">108 </a>            W = W + delW;
if system_dependent('IsDebugMode')==1, dbquit; end
MEvent. CASE!
MEvent. CASE!
MEvent. CASE!
MEvent. CASE!
ica_analysis
------------------------------------ Combination 1 ----------------------------------
21-Feb-2017 01:05:03
     1     2

------------------ Trial 1 ------------------
21-Feb-2017 01:05:03
Norm obtained: 12.698588
------------------ Trial 2 ------------------
21-Feb-2017 01:07:46
Norm obtained: 1.976440
------------------ Trial 3 ------------------
21-Feb-2017 01:10:08
Norm obtained: 13.736562
------------------ Trial 4 ------------------
21-Feb-2017 01:12:25
Norm obtained: 3.653480
------------------ Trial 5 ------------------
21-Feb-2017 01:14:37
Norm obtained: 1.892107
Average norm: 6.791435
---------------------------------------------------------------------------------------
------------------------------------ Combination 2 ----------------------------------
21-Feb-2017 01:16:45
     1     3

------------------ Trial 1 ------------------
21-Feb-2017 01:16:45
Norm obtained: 1.601602
------------------ Trial 2 ------------------
21-Feb-2017 01:18:53
Norm obtained: 5.232470
------------------ Trial 3 ------------------
21-Feb-2017 01:21:03
Norm obtained: 23.862699
------------------ Trial 4 ------------------
21-Feb-2017 01:23:08
Norm obtained: 6.580934
------------------ Trial 5 ------------------
21-Feb-2017 01:25:15
Norm obtained: 2.917194
Average norm: 8.038980
---------------------------------------------------------------------------------------
------------------------------------ Combination 3 ----------------------------------
21-Feb-2017 01:27:24
     1     4

------------------ Trial 1 ------------------
21-Feb-2017 01:27:24
Norm obtained: 84.053252
------------------ Trial 2 ------------------
21-Feb-2017 01:29:33
Norm obtained: 2.927485
------------------ Trial 3 ------------------
21-Feb-2017 01:31:38
Norm obtained: 2.775867
------------------ Trial 4 ------------------
21-Feb-2017 01:33:42
Norm obtained: 9.552462
------------------ Trial 5 ------------------
21-Feb-2017 01:35:53
Norm obtained: 4.728901
Average norm: 20.807593
---------------------------------------------------------------------------------------
------------------------------------ Combination 4 ----------------------------------
21-Feb-2017 01:38:01
     1     5

------------------ Trial 1 ------------------
21-Feb-2017 01:38:01
Norm obtained: 3.129447
------------------ Trial 2 ------------------
21-Feb-2017 01:40:09
Norm obtained: 3.716496
------------------ Trial 3 ------------------
21-Feb-2017 01:42:13
Norm obtained: 22.492558
------------------ Trial 4 ------------------
21-Feb-2017 01:44:22
Norm obtained: 7.279621
------------------ Trial 5 ------------------
21-Feb-2017 01:46:31
Norm obtained: 1.775994
Average norm: 7.678823
---------------------------------------------------------------------------------------
------------------------------------ Combination 5 ----------------------------------
21-Feb-2017 01:48:38
     2     3

------------------ Trial 1 ------------------
21-Feb-2017 01:48:38
Norm obtained: 4.176380
------------------ Trial 2 ------------------
21-Feb-2017 01:50:42
Norm obtained: 1.523821
------------------ Trial 3 ------------------
21-Feb-2017 01:52:49
Norm obtained: 5.636689
------------------ Trial 4 ------------------
21-Feb-2017 01:54:51
Norm obtained: 20.072259
------------------ Trial 5 ------------------
21-Feb-2017 01:56:50
Norm obtained: 1.536125
Average norm: 6.589055
---------------------------------------------------------------------------------------
------------------------------------ Combination 6 ----------------------------------
21-Feb-2017 01:58:53
     2     4

------------------ Trial 1 ------------------
21-Feb-2017 01:58:53
Norm obtained: 4.143292
------------------ Trial 2 ------------------
21-Feb-2017 02:00:57
Norm obtained: 4.124967
------------------ Trial 3 ------------------
21-Feb-2017 02:03:02
Norm obtained: 15.100696
------------------ Trial 4 ------------------
21-Feb-2017 02:05:07
Norm obtained: 3.176302
------------------ Trial 5 ------------------
21-Feb-2017 02:07:07
Norm obtained: 17.409859
Average norm: 8.791023
---------------------------------------------------------------------------------------
------------------------------------ Combination 7 ----------------------------------
21-Feb-2017 02:09:17
     2     5

------------------ Trial 1 ------------------
21-Feb-2017 02:09:17
Norm obtained: 16.691850
------------------ Trial 2 ------------------
21-Feb-2017 02:11:18
Norm obtained: 5.098460
------------------ Trial 3 ------------------
21-Feb-2017 02:13:21
Norm obtained: 7.370752
------------------ Trial 4 ------------------
21-Feb-2017 02:15:27
Norm obtained: 17.154141
------------------ Trial 5 ------------------
21-Feb-2017 02:17:33
Norm obtained: 4.217301
Average norm: 10.106501
---------------------------------------------------------------------------------------
------------------------------------ Combination 8 ----------------------------------
21-Feb-2017 02:19:35
     3     4

------------------ Trial 1 ------------------
21-Feb-2017 02:19:35
Norm obtained: 3.591996
------------------ Trial 2 ------------------
21-Feb-2017 02:21:41
Norm obtained: 3.032945
------------------ Trial 3 ------------------
21-Feb-2017 02:23:46
Norm obtained: 38.516382
------------------ Trial 4 ------------------
21-Feb-2017 02:25:54
Norm obtained: 6.749213
------------------ Trial 5 ------------------
21-Feb-2017 02:27:58
Norm obtained: 5.651247
Average norm: 11.508357
---------------------------------------------------------------------------------------
------------------------------------ Combination 9 ----------------------------------
21-Feb-2017 02:30:03
     3     5

------------------ Trial 1 ------------------
21-Feb-2017 02:30:03
Norm obtained: 4.800201
------------------ Trial 2 ------------------
21-Feb-2017 02:32:04
Norm obtained: 30.373780
------------------ Trial 3 ------------------
21-Feb-2017 02:34:11
Norm obtained: 5.993056
------------------ Trial 4 ------------------
21-Feb-2017 02:36:13
Norm obtained: 25.905520
------------------ Trial 5 ------------------
21-Feb-2017 02:38:19
Norm obtained: 4.088743
Average norm: 14.232260
---------------------------------------------------------------------------------------
------------------------------------ Combination 10 ----------------------------------
21-Feb-2017 02:40:21
     4     5

------------------ Trial 1 ------------------
21-Feb-2017 02:40:21
Norm obtained: 105.263717
------------------ Trial 2 ------------------
21-Feb-2017 02:42:23
Norm obtained: 4.516559
------------------ Trial 3 ------------------
21-Feb-2017 02:44:26
Norm obtained: 40.646259
------------------ Trial 4 ------------------
21-Feb-2017 02:46:26
Norm obtained: 2.136563
------------------ Trial 5 ------------------
21-Feb-2017 02:48:30
Norm obtained: 38.733322
Average norm: 38.259284
---------------------------------------------------------------------------------------
------------------------------------ Combination 11 ----------------------------------
21-Feb-2017 02:50:31
     1     2     3

------------------ Trial 1 ------------------
21-Feb-2017 02:50:31
Norm obtained: 5.494396
------------------ Trial 2 ------------------
21-Feb-2017 02:53:32
Norm obtained: 5.430455
------------------ Trial 3 ------------------
21-Feb-2017 02:56:39
Norm obtained: 6.262871
------------------ Trial 4 ------------------
21-Feb-2017 02:59:43
Norm obtained: 3.618655
------------------ Trial 5 ------------------
21-Feb-2017 03:02:47
Norm obtained: 8.525917
Average norm: 5.866459
---------------------------------------------------------------------------------------
------------------------------------ Combination 12 ----------------------------------
21-Feb-2017 03:05:54
     1     2     4

------------------ Trial 1 ------------------
21-Feb-2017 03:05:54
Norm obtained: 13.083628
------------------ Trial 2 ------------------
21-Feb-2017 03:09:02
Norm obtained: 12.056897
------------------ Trial 3 ------------------
21-Feb-2017 03:12:11
Norm obtained: 3.599582
------------------ Trial 4 ------------------
21-Feb-2017 03:15:14
Norm obtained: 6.495845
------------------ Trial 5 ------------------
21-Feb-2017 03:18:21
Norm obtained: 4.479977
Average norm: 7.943186
---------------------------------------------------------------------------------------
------------------------------------ Combination 13 ----------------------------------
21-Feb-2017 03:21:25
     1     2     5

------------------ Trial 1 ------------------
21-Feb-2017 03:21:25
Norm obtained: 6.124009
------------------ Trial 2 ------------------
21-Feb-2017 03:24:29
Norm obtained: 3.806943
------------------ Trial 3 ------------------
21-Feb-2017 03:27:32
Norm obtained: 10.397140
------------------ Trial 4 ------------------
21-Feb-2017 03:30:40
Norm obtained: 1.703773
------------------ Trial 5 ------------------
21-Feb-2017 03:33:49
Norm obtained: 4.690055
Average norm: 5.344384
---------------------------------------------------------------------------------------
------------------------------------ Combination 14 ----------------------------------
21-Feb-2017 03:36:55
     1     3     4

------------------ Trial 1 ------------------
21-Feb-2017 03:36:55
Norm obtained: 8.975316
------------------ Trial 2 ------------------
21-Feb-2017 03:40:00
Norm obtained: 31.632323
------------------ Trial 3 ------------------
21-Feb-2017 03:43:04
Norm obtained: 5.137485
------------------ Trial 4 ------------------
21-Feb-2017 03:46:11
Norm obtained: 3.682262
------------------ Trial 5 ------------------
21-Feb-2017 03:49:20
Norm obtained: 3.198010
Average norm: 10.525079
---------------------------------------------------------------------------------------
------------------------------------ Combination 15 ----------------------------------
21-Feb-2017 03:52:25
     1     3     5

------------------ Trial 1 ------------------
21-Feb-2017 03:52:25
Norm obtained: 5.871072
------------------ Trial 2 ------------------
21-Feb-2017 03:55:27
Norm obtained: 2201.265441
------------------ Trial 3 ------------------
21-Feb-2017 03:58:32
Norm obtained: 6.650655
------------------ Trial 4 ------------------
21-Feb-2017 04:01:34
Norm obtained: 206.459936
------------------ Trial 5 ------------------
21-Feb-2017 04:04:41
Norm obtained: 37.622564
Average norm: 491.573933
---------------------------------------------------------------------------------------
------------------------------------ Combination 16 ----------------------------------
21-Feb-2017 04:07:47
     1     4     5

------------------ Trial 1 ------------------
21-Feb-2017 04:07:47
Norm obtained: 68.384391
------------------ Trial 2 ------------------
21-Feb-2017 04:10:51
Norm obtained: 3.958457
------------------ Trial 3 ------------------
21-Feb-2017 04:13:54
Norm obtained: 6.652431
------------------ Trial 4 ------------------
21-Feb-2017 04:17:03
Norm obtained: 18.109203
------------------ Trial 5 ------------------
21-Feb-2017 04:20:09
Norm obtained: 9.666954
Average norm: 21.354287
---------------------------------------------------------------------------------------
------------------------------------ Combination 17 ----------------------------------
21-Feb-2017 04:23:11
     2     3     4

------------------ Trial 1 ------------------
21-Feb-2017 04:23:11
Norm obtained: 3.092126
------------------ Trial 2 ------------------
21-Feb-2017 04:26:11
Norm obtained: 6.395479
------------------ Trial 3 ------------------
21-Feb-2017 04:29:14
Norm obtained: 4.093442
------------------ Trial 4 ------------------
21-Feb-2017 04:32:18
Norm obtained: 3.069412
------------------ Trial 5 ------------------
21-Feb-2017 04:35:26
Norm obtained: 25.847512
Average norm: 8.499594
---------------------------------------------------------------------------------------
------------------------------------ Combination 18 ----------------------------------
21-Feb-2017 04:38:35
     2     3     5

------------------ Trial 1 ------------------
21-Feb-2017 04:38:35
Norm obtained: 211.519242
------------------ Trial 2 ------------------
21-Feb-2017 04:41:42
Norm obtained: 2.683242
------------------ Trial 3 ------------------
21-Feb-2017 04:44:47
Norm obtained: 5.094431
------------------ Trial 4 ------------------
21-Feb-2017 04:47:52
Norm obtained: 14.560080
------------------ Trial 5 ------------------
21-Feb-2017 04:50:53
Norm obtained: 4.333178
Average norm: 47.638035
---------------------------------------------------------------------------------------
------------------------------------ Combination 19 ----------------------------------
21-Feb-2017 04:54:01
     2     4     5

------------------ Trial 1 ------------------
21-Feb-2017 04:54:01
Norm obtained: 8.293501
------------------ Trial 2 ------------------
21-Feb-2017 04:57:07
Norm obtained: 18.546959
------------------ Trial 3 ------------------
21-Feb-2017 05:00:13
Norm obtained: 3.169434
------------------ Trial 4 ------------------
21-Feb-2017 05:03:17
Norm obtained: 6.249659
------------------ Trial 5 ------------------
21-Feb-2017 05:06:21
Norm obtained: 30.164171
Average norm: 13.284745
---------------------------------------------------------------------------------------
------------------------------------ Combination 20 ----------------------------------
21-Feb-2017 05:09:24
     3     4     5

------------------ Trial 1 ------------------
21-Feb-2017 05:09:24
Norm obtained: 2.954413
------------------ Trial 2 ------------------
21-Feb-2017 05:12:30
Norm obtained: 6.710496
------------------ Trial 3 ------------------
21-Feb-2017 05:15:36
Norm obtained: 2.598041
------------------ Trial 4 ------------------
21-Feb-2017 05:18:39
Norm obtained: 157973.918911
------------------ Trial 5 ------------------
21-Feb-2017 05:21:41
Norm obtained: 20.885847
Average norm: 31601.413542
---------------------------------------------------------------------------------------
------------------------------------ Combination 21 ----------------------------------
21-Feb-2017 05:24:42
     1     2     3     4

------------------ Trial 1 ------------------
21-Feb-2017 05:24:42
Norm obtained: 3.340075
------------------ Trial 2 ------------------
21-Feb-2017 05:28:28
Norm obtained: 8.563517
------------------ Trial 3 ------------------
21-Feb-2017 05:32:14
Norm obtained: 6.016978
------------------ Trial 4 ------------------
21-Feb-2017 05:36:12
Norm obtained: 5.781347
------------------ Trial 5 ------------------
21-Feb-2017 05:39:59
Norm obtained: 6.731875
Average norm: 6.086758
---------------------------------------------------------------------------------------
------------------------------------ Combination 22 ----------------------------------
21-Feb-2017 05:43:45
     1     2     3     5

------------------ Trial 1 ------------------
21-Feb-2017 05:43:45
Norm obtained: 6.894146
------------------ Trial 2 ------------------
21-Feb-2017 05:47:30
Norm obtained: 3.684857
------------------ Trial 3 ------------------
21-Feb-2017 05:51:15
Norm obtained: 59.570278
------------------ Trial 4 ------------------
21-Feb-2017 05:55:00
Norm obtained: 7.930312
------------------ Trial 5 ------------------
21-Feb-2017 05:58:42
Norm obtained: 7.278209
Average norm: 17.071560
---------------------------------------------------------------------------------------
------------------------------------ Combination 23 ----------------------------------
21-Feb-2017 06:02:26
     1     2     4     5

------------------ Trial 1 ------------------
21-Feb-2017 06:02:26
Norm obtained: 29.385510
------------------ Trial 2 ------------------
21-Feb-2017 06:06:12
Norm obtained: 12.199707
------------------ Trial 3 ------------------
21-Feb-2017 06:09:54
Norm obtained: 4.869795
------------------ Trial 4 ------------------
21-Feb-2017 06:13:37
Norm obtained: 11.018204
------------------ Trial 5 ------------------
21-Feb-2017 06:17:19
Norm obtained: 14.532796
Average norm: 14.401202
---------------------------------------------------------------------------------------
------------------------------------ Combination 24 ----------------------------------
21-Feb-2017 06:20:57
     1     3     4     5

------------------ Trial 1 ------------------
21-Feb-2017 06:20:57
Norm obtained: 12.001102
------------------ Trial 2 ------------------
21-Feb-2017 06:24:37
Norm obtained: 5.128174
------------------ Trial 3 ------------------
21-Feb-2017 06:28:24
Norm obtained: 8.187462
------------------ Trial 4 ------------------
21-Feb-2017 06:32:07
Norm obtained: 61.965861
------------------ Trial 5 ------------------
21-Feb-2017 06:35:53
Norm obtained: 3.841006
Average norm: 18.224721
---------------------------------------------------------------------------------------
------------------------------------ Combination 25 ----------------------------------
21-Feb-2017 06:39:36
     2     3     4     5

------------------ Trial 1 ------------------
21-Feb-2017 06:39:36
Norm obtained: 4.150349
------------------ Trial 2 ------------------
21-Feb-2017 06:43:18
Norm obtained: 6.391183
------------------ Trial 3 ------------------
21-Feb-2017 06:47:02
Norm obtained: 8.865242
------------------ Trial 4 ------------------
21-Feb-2017 06:50:48
Norm obtained: 3.290943
------------------ Trial 5 ------------------
21-Feb-2017 06:54:34
Norm obtained: 11.362492
Average norm: 6.812042
---------------------------------------------------------------------------------------
------------------------------------ Combination 26 ----------------------------------
21-Feb-2017 06:58:20
     1     2     3     4     5

------------------ Trial 1 ------------------
21-Feb-2017 06:58:20
Norm obtained: 21.928767
------------------ Trial 2 ------------------
21-Feb-2017 07:03:17
Norm obtained: 55.816679
------------------ Trial 3 ------------------
21-Feb-2017 07:08:13
Norm obtained: 8.135465
------------------ Trial 4 ------------------
21-Feb-2017 07:13:01
Norm obtained: NaN
------------------ Trial 5 ------------------
21-Feb-2017 07:15:47
Norm obtained: 7.815850
Average norm: NaN
---------------------------------------------------------------------------------------
