Running driver for source indices:      1     3     4

24-Feb-2017 11:37:36
24-Feb-2017 11:37:36
---------------------------------- Learning rate 0.000100 -------------------------------
24-Feb-2017 11:37:36
----------------------- Trial 1 ------------------------

C =

    0.2047    0.1177    0.9705
    0.2507    0.9524   -0.1842
    0.9462   -0.2811   -0.1554

Norm obtained: 3.842303 Permuted norm obtained: 3.498661 CC RMS obtained: 2.744282
24-Feb-2017 11:41:07
----------------------- Trial 2 ------------------------

C =

    0.9587   -0.0513    0.2864
    0.2010    0.8114   -0.5610
   -0.2012    0.5823    0.7767

Norm obtained: 3.555313 Permuted norm obtained: 3.555313 CC RMS obtained: 2.180676
Average norm: 3.698808 Average permuted norm: 3.526987 CC RMS: 2.462479
24-Feb-2017 11:44:27
---------------------------------- Learning rate 0.001000 -------------------------------
24-Feb-2017 11:44:27
----------------------- Trial 1 ------------------------

C =

    0.2044    0.1174    0.9706
    0.2505    0.9525   -0.1839
    0.9463   -0.2809   -0.1552

Norm obtained: 3.842347 Permuted norm obtained: 3.498647 CC RMS obtained: 2.744852
24-Feb-2017 11:47:43
----------------------- Trial 2 ------------------------

C =

    0.9588   -0.0513    0.2861
    0.2009    0.8116   -0.5608
   -0.2010    0.5820    0.7770

Norm obtained: 3.555253 Permuted norm obtained: 3.555253 CC RMS obtained: 2.181529
Average norm: 3.698800 Average permuted norm: 3.526950 CC RMS: 2.463190
24-Feb-2017 11:51:15
---------------------------------- Learning rate 0.010000 -------------------------------
24-Feb-2017 11:51:15
----------------------- Trial 1 ------------------------

C =

    0.2012    0.1152    0.9716
    0.2492    0.9535   -0.1806
    0.9473   -0.2787   -0.1530

Norm obtained: 3.842783 Permuted norm obtained: 3.498507 CC RMS obtained: 2.750477
24-Feb-2017 11:54:35
----------------------- Trial 2 ------------------------

C =

    0.9594   -0.0517    0.2837
    0.1991    0.8136   -0.5585
   -0.1995    0.5791    0.7795

Norm obtained: 3.554641 Permuted norm obtained: 3.554641 CC RMS obtained: 2.190111
Average norm: 3.698712 Average permuted norm: 3.526574 CC RMS: 2.470294
24-Feb-2017 11:57:47
---------------------------------- Learning rate 0.100000 -------------------------------
24-Feb-2017 11:57:47
----------------------- Trial 1 ------------------------

C =

   NaN   NaN   NaN
   NaN   NaN   NaN
   NaN   NaN   NaN

Norm obtained: NaN Permuted norm obtained: NaN CC RMS obtained: NaN
24-Feb-2017 11:59:31
----------------------- Trial 2 ------------------------

C =

    0.9660   -0.0560    0.2593
    0.1815    0.8353   -0.5316
   -0.1842    0.5469    0.8063

Norm obtained: 3.548339 Permuted norm obtained: 3.548339 CC RMS obtained: 2.281065
Average norm: NaN Average permuted norm: NaN CC RMS: NaN
24-Feb-2017 12:02:07
---------------------------------- Learning rate 1.000000 -------------------------------
24-Feb-2017 12:02:07
----------------------- Trial 1 ------------------------

C =

   NaN   NaN   NaN
   NaN   NaN   NaN
   NaN   NaN   NaN

Norm obtained: NaN Permuted norm obtained: NaN CC RMS obtained: NaN
24-Feb-2017 12:03:51
----------------------- Trial 2 ------------------------
<a href="matlab: opentoline('/home/pandian/studies/semester2/ML/hw2/ica/src/ica_analysis.m',33,1)">33  </a>    Z = sigmoid(Y);
if system_dependent('IsDebugMode')==1, dbquit; end
MEvent. CASE!
MEvent. CASE!
plot_time_graph_save
MEvent. CASE!
MEvent. CASE!
MEvent. CASE!
MEvent. CASE!
MEvent. CASE!
MEvent. CASE!
MEvent. CASE!
MEvent. CASE!
MEvent. CASE!
MEvent. CASE!
MEvent. CASE!
MEvent. CASE!
MEvent. CASE!
MEvent. CASE!
MEvent. CASE!
MEvent. CASE!
MEvent. CASE!
MEvent. CASE!
MEvent. CASE!
MEvent. CASE!
ica_driver
