Running driver for source indices:      1     3     4

22-Feb-2017 11:00:26
22-Feb-2017 11:00:26
---------------------------------- Learning rate 0.001000 -------------------------------
22-Feb-2017 11:00:26
----------------------- Trial 1 ------------------------

C =

    0.8517    0.1887   -0.4864
    0.4313   -0.7861    0.4612
    0.2976    0.5886    0.7421

Norm obtained: 5.668265 Permuted norm obtained: 5.668265 CC RMS obtained: 1.894082
22-Feb-2017 11:03:40
----------------------- Trial 2 ------------------------

C =

   -0.1551    0.6317    0.7479
    0.7222    0.5951   -0.3552
    0.6741   -0.4969    0.5608

Norm obtained: 5.639736 Permuted norm obtained: 5.639736 CC RMS obtained: 1.535216
22-Feb-2017 11:06:59
----------------------- Trial 3 ------------------------

C =

    0.9714   -0.1971   -0.1284
    0.1859    0.9795   -0.0862
    0.1480    0.0421    0.9880

Norm obtained: 5.177900 Permuted norm obtained: 5.177900 CC RMS obtained: 2.879006
22-Feb-2017 11:10:12
----------------------- Trial 4 ------------------------

C =

   -0.0146    0.7920    0.5964
    0.5151   -0.5189    0.6952
    0.8570    0.3217   -0.4013

Norm obtained: 5.842116 Permuted norm obtained: 5.322844 CC RMS obtained: 1.845021
22-Feb-2017 11:13:23
----------------------- Trial 5 ------------------------

C =

    0.1905    0.6816    0.6949
    0.7917   -0.5344    0.3140
    0.5804    0.4999   -0.6469

Norm obtained: 5.835412 Permuted norm obtained: 5.835412 CC RMS obtained: 1.528237
Average norm: 5.632686 Average permuted norm: 5.528831 CC RMS: 1.936312
22-Feb-2017 11:16:31
---------------------------------- Learning rate 0.002000 -------------------------------
22-Feb-2017 11:16:31
----------------------- Trial 1 ------------------------

C =

    0.8518    0.1887   -0.4862
    0.4311   -0.7863    0.4610
    0.2976    0.5883    0.7423

Norm obtained: 5.668313 Permuted norm obtained: 5.668313 CC RMS obtained: 1.895017
22-Feb-2017 11:19:45
----------------------- Trial 2 ------------------------

C =

   -0.1551    0.6315    0.7480
    0.7222    0.5951   -0.3551
    0.6741   -0.4970    0.5607

Norm obtained: 5.639678 Permuted norm obtained: 5.639678 CC RMS obtained: 1.535466
22-Feb-2017 11:23:03
----------------------- Trial 3 ------------------------

C =

    0.9714   -0.1969   -0.1282
    0.1857    0.9795   -0.0861
    0.1477    0.0420    0.9880

Norm obtained: 5.177913 Permuted norm obtained: 5.177913 CC RMS obtained: 2.879320
22-Feb-2017 11:26:36
----------------------- Trial 4 ------------------------

C =

   -0.0147    0.7921    0.5962
    0.5149   -0.5189    0.6954
    0.8571    0.3216   -0.4011

Norm obtained: 5.842106 Permuted norm obtained: 5.322776 CC RMS obtained: 1.845670
22-Feb-2017 11:30:16
----------------------- Trial 5 ------------------------

C =

    0.1905    0.6815    0.6949
    0.7918   -0.5344    0.3139
    0.5803    0.5000   -0.6470

Norm obtained: 5.835400 Permuted norm obtained: 5.835400 CC RMS obtained: 1.528428
Average norm: 5.632682 Average permuted norm: 5.528816 CC RMS: 1.936780
22-Feb-2017 11:34:02
---------------------------------- Learning rate 0.003000 -------------------------------
22-Feb-2017 11:34:02
----------------------- Trial 1 ------------------------

C =

    0.8519    0.1888   -0.4860
    0.4309   -0.7866    0.4608
    0.2975    0.5879    0.7426

Norm obtained: 5.668361 Permuted norm obtained: 5.668361 CC RMS obtained: 1.895957
22-Feb-2017 11:37:28
----------------------- Trial 2 ------------------------

C =

   -0.1551    0.6313    0.7482
    0.7222    0.5952   -0.3549
    0.6741   -0.4971    0.5606

Norm obtained: 5.639619 Permuted norm obtained: 5.639619 CC RMS obtained: 1.535717
22-Feb-2017 11:40:56
----------------------- Trial 3 ------------------------

C =

    0.9715   -0.1967   -0.1279
    0.1856    0.9796   -0.0859
    0.1475    0.0419    0.9881

Norm obtained: 5.177926 Permuted norm obtained: 5.177926 CC RMS obtained: 2.879633
22-Feb-2017 11:44:31
----------------------- Trial 4 ------------------------

C =

   -0.0148    0.7922    0.5961
    0.5147   -0.5188    0.6956
    0.8572    0.3214   -0.4010

Norm obtained: 5.842096 Permuted norm obtained: 5.322707 CC RMS obtained: 1.846319
22-Feb-2017 11:48:02
----------------------- Trial 5 ------------------------

C =

    0.1906    0.6814    0.6950
    0.7918   -0.5344    0.3137
    0.5802    0.5000   -0.6470

Norm obtained: 5.835389 Permuted norm obtained: 5.835389 CC RMS obtained: 1.528620
Average norm: 5.632678 Average permuted norm: 5.528800 CC RMS: 1.937249
22-Feb-2017 11:51:30
---------------------------------- Learning rate 0.004000 -------------------------------
22-Feb-2017 11:51:30
----------------------- Trial 1 ------------------------

C =

    0.8520    0.1888   -0.4858
    0.4307   -0.7868    0.4606
    0.2975    0.5876    0.7429

Norm obtained: 5.668409 Permuted norm obtained: 5.668409 CC RMS obtained: 1.896901
22-Feb-2017 11:54:57
----------------------- Trial 2 ------------------------

C =

   -0.1551    0.6311    0.7484
    0.7222    0.5953   -0.3547
    0.6740   -0.4973    0.5605

Norm obtained: 5.639559 Permuted norm obtained: 5.639559 CC RMS obtained: 1.535967
22-Feb-2017 11:58:50
----------------------- Trial 3 ------------------------

C =

    0.9716   -0.1965   -0.1277
    0.1854    0.9796   -0.0857
    0.1472    0.0418    0.9881

Norm obtained: 5.177940 Permuted norm obtained: 5.177940 CC RMS obtained: 2.879945
22-Feb-2017 12:02:19
----------------------- Trial 4 ------------------------

C =

   -0.0148    0.7923    0.5959
    0.5145   -0.5187    0.6958
    0.8574    0.3213   -0.4009

Norm obtained: 5.842086 Permuted norm obtained: 5.322638 CC RMS obtained: 1.846970
22-Feb-2017 12:05:58
----------------------- Trial 5 ------------------------

C =

    0.1907    0.6814    0.6950
    0.7919   -0.5344    0.3135
    0.5801    0.5001   -0.6470

Norm obtained: 5.835378 Permuted norm obtained: 5.835378 CC RMS obtained: 1.528811
Average norm: 5.632674 Average permuted norm: 5.528785 CC RMS: 1.937719
22-Feb-2017 12:09:25
---------------------------------- Learning rate 0.005000 -------------------------------
22-Feb-2017 12:09:25
----------------------- Trial 1 ------------------------

C =

    0.8522    0.1889   -0.4856
    0.4305   -0.7870    0.4604
    0.2975    0.5873    0.7432

Norm obtained: 5.668457 Permuted norm obtained: 5.668457 CC RMS obtained: 1.897851
22-Feb-2017 12:13:18
----------------------- Trial 2 ------------------------

C =

   -0.1552    0.6309    0.7485
    0.7222    0.5954   -0.3545
    0.6740   -0.4974    0.5604

Norm obtained: 5.639500 Permuted norm obtained: 5.639500 CC RMS obtained: 1.536217
22-Feb-2017 12:17:02
----------------------- Trial 3 ------------------------

C =

    0.9716   -0.1963   -0.1274
    0.1852    0.9797   -0.0856
    0.1469    0.0417    0.9881

Norm obtained: 5.177953 Permuted norm obtained: 5.177953 CC RMS obtained: 2.880256
22-Feb-2017 12:20:43
----------------------- Trial 4 ------------------------

C =

   -0.0149    0.7924    0.5958
    0.5143   -0.5186    0.6960
    0.8575    0.3212   -0.4007

MEvent. CASE!
MEvent. CASE!
MEvent. CASE!
MEvent. CASE!
MEvent. CASE!
MEvent. CASE!
MEvent. CASE!
MEvent. CASE!
MEvent. CASE!
MEvent. CASE!
Norm obtained: 5.842076 Permuted norm obtained: 5.322570 CC RMS obtained: 1.847621
22-Feb-2017 12:24:37
----------------------- Trial 5 ------------------------

C =

    0.1908    0.6813    0.6951
    0.7920   -0.5344    0.3134
    0.5800    0.5002   -0.6470

Norm obtained: 5.835367 Permuted norm obtained: 5.835367 CC RMS obtained: 1.529003
Average norm: 5.632671 Average permuted norm: 5.528769 CC RMS: 1.938190
22-Feb-2017 12:28:28
---------------------------------- Learning rate 0.006000 -------------------------------
22-Feb-2017 12:28:28
----------------------- Trial 1 ------------------------

C =

    0.8523    0.1889   -0.4853
    0.4303   -0.7872    0.4602
    0.2974    0.5870    0.7434

Norm obtained: 5.668505 Permuted norm obtained: 5.668505 CC RMS obtained: 1.898809
22-Feb-2017 12:32:18
----------------------- Trial 2 ------------------------

C =

   -0.1552    0.6307    0.7487
    0.7222    0.5955   -0.3544
    0.6740   -0.4976    0.5602

Norm obtained: 5.639440 Permuted norm obtained: 5.639440 CC RMS obtained: 1.536466
22-Feb-2017 12:35:59
----------------------- Trial 3 ------------------------

C =

    0.9717   -0.1961   -0.1272
    0.1851    0.9797   -0.0854
    0.1466    0.0416    0.9882

Norm obtained: 5.177967 Permuted norm obtained: 5.177967 CC RMS obtained: 2.880567
22-Feb-2017 12:39:13
----------------------- Trial 4 ------------------------

C =

   -0.0150    0.7925    0.5956
    0.5141   -0.5185    0.6963
    0.8576    0.3210   -0.4006

Norm obtained: 5.842067 Permuted norm obtained: 5.322501 CC RMS obtained: 1.848274
22-Feb-2017 12:42:29
----------------------- Trial 5 ------------------------

C =

    0.1908    0.6812    0.6951
    0.7920   -0.5344    0.3132
    0.5799    0.5003   -0.6471

Norm obtained: 5.835355 Permuted norm obtained: 5.835355 CC RMS obtained: 1.529194
Average norm: 5.632667 Average permuted norm: 5.528753 CC RMS: 1.938662
22-Feb-2017 12:45:49
---------------------------------- Learning rate 0.007000 -------------------------------
22-Feb-2017 12:45:49
----------------------- Trial 1 ------------------------

C =

    0.8524    0.1890   -0.4851
    0.4301   -0.7875    0.4600
    0.2974    0.5867    0.7437

Norm obtained: 5.668552 Permuted norm obtained: 5.668552 CC RMS obtained: 1.899778
22-Feb-2017 12:49:08
----------------------- Trial 2 ------------------------

C =

   -0.1552    0.6305    0.7489
    0.7222    0.5956   -0.3542
    0.6740   -0.4977    0.5601

Norm obtained: 5.639380 Permuted norm obtained: 5.639380 CC RMS obtained: 1.536714
22-Feb-2017 12:52:36
----------------------- Trial 3 ------------------------

C =

    0.9718   -0.1959   -0.1270
    0.1849    0.9797   -0.0852
    0.1464    0.0415    0.9882

Norm obtained: 5.177980 Permuted norm obtained: 5.177980 CC RMS obtained: 2.880876
22-Feb-2017 12:55:56
----------------------- Trial 4 ------------------------

C =

   -0.0151    0.7926    0.5955
    0.5139   -0.5185    0.6965
    0.8577    0.3209   -0.4004

Norm obtained: 5.842057 Permuted norm obtained: 5.322431 CC RMS obtained: 1.848927
22-Feb-2017 12:59:17
----------------------- Trial 5 ------------------------

C =

    0.1909    0.6812    0.6952
    0.7921   -0.5344    0.3131
    0.5798    0.5004   -0.6471

Norm obtained: 5.835344 Permuted norm obtained: 5.835344 CC RMS obtained: 1.529385
Average norm: 5.632663 Average permuted norm: 5.528737 CC RMS: 1.939136
22-Feb-2017 13:02:44
---------------------------------- Learning rate 0.008000 -------------------------------
22-Feb-2017 13:02:44
----------------------- Trial 1 ------------------------

C =

    0.8525    0.1890   -0.4849
    0.4299   -0.7877    0.4598
    0.2973    0.5863    0.7440

Norm obtained: 5.668599 Permuted norm obtained: 5.668599 CC RMS obtained: 1.900761
22-Feb-2017 13:06:07
----------------------- Trial 2 ------------------------

C =

   -0.1552    0.6303    0.7491
    0.7222    0.5957   -0.3540
    0.6740   -0.4979    0.5600

Norm obtained: 5.639320 Permuted norm obtained: 5.639320 CC RMS obtained: 1.536961
22-Feb-2017 13:10:14
----------------------- Trial 3 ------------------------

C =

    0.9719   -0.1958   -0.1268
    0.1848    0.9798   -0.0851
    0.1461    0.0414    0.9883

Norm obtained: 5.177993 Permuted norm obtained: 5.177993 CC RMS obtained: 2.881185
22-Feb-2017 13:14:08
----------------------- Trial 4 ------------------------

C =

   -0.0152    0.7927    0.5954
    0.5137   -0.5184    0.6967
    0.8578    0.3208   -0.4003

Norm obtained: 5.842047 Permuted norm obtained: 5.322362 CC RMS obtained: 1.849582
22-Feb-2017 13:17:50
----------------------- Trial 5 ------------------------

C =

    0.1910    0.6811    0.6952
    0.7921   -0.5344    0.3129
    0.5797    0.5005   -0.6471

Norm obtained: 5.835333 Permuted norm obtained: 5.835333 CC RMS obtained: 1.529576
Average norm: 5.632658 Average permuted norm: 5.528721 CC RMS: 1.939613
22-Feb-2017 13:21:09
---------------------------------- Learning rate 0.009000 -------------------------------
22-Feb-2017 13:21:09
----------------------- Trial 1 ------------------------

C =

    0.8526    0.1890   -0.4847
    0.4297   -0.7880    0.4596
    0.2973    0.5860    0.7443

Norm obtained: 5.668645 Permuted norm obtained: 5.668645 CC RMS obtained: 1.901764
22-Feb-2017 13:24:50
----------------------- Trial 2 ------------------------

C =

   -0.1553    0.6301    0.7492
    0.7222    0.5958   -0.3538
    0.6740   -0.4980    0.5599

Norm obtained: 5.639259 Permuted norm obtained: 5.639259 CC RMS obtained: 1.537204
22-Feb-2017 13:28:40
----------------------- Trial 3 ------------------------

C =

    0.9719   -0.1956   -0.1265
    0.1846    0.9798   -0.0849
    0.1458    0.0413    0.9883

Norm obtained: 5.178007 Permuted norm obtained: 5.178007 CC RMS obtained: 2.881493
22-Feb-2017 13:32:17
----------------------- Trial 4 ------------------------

C =

   -0.0152    0.7928    0.5952
    0.5135   -0.5183    0.6969
    0.8579    0.3206   -0.4001

Norm obtained: 5.842037 Permuted norm obtained: 5.322293 CC RMS obtained: 1.850238
22-Feb-2017 13:36:10
----------------------- Trial 5 ------------------------

C =

    0.1910    0.6810    0.6953
    0.7922   -0.5344    0.3128
    0.5796    0.5006   -0.6472

Norm obtained: 5.835321 Permuted norm obtained: 5.835321 CC RMS obtained: 1.529768
Average norm: 5.632654 Average permuted norm: 5.528705 CC RMS: 1.940093
22-Feb-2017 13:40:16
---------------------------------- Learning rate 0.010000 -------------------------------
22-Feb-2017 13:40:16
----------------------- Trial 1 ------------------------

C =

    0.8527    0.1890   -0.4845
    0.4294   -0.7882    0.4593
    0.2973    0.5857    0.7445

Norm obtained: 5.668689 Permuted norm obtained: 5.668689 CC RMS obtained: 1.902796
22-Feb-2017 13:44:01
----------------------- Trial 2 ------------------------

C =

   -0.1553    0.6298    0.7494
    0.7222    0.5960   -0.3536
    0.6740   -0.4981    0.5598

Norm obtained: 5.639196 Permuted norm obtained: 5.639196 CC RMS obtained: 1.537444
22-Feb-2017 13:47:27
----------------------- Trial 3 ------------------------

C =

    0.9720   -0.1954   -0.1263
    0.1844    0.9799   -0.0847
    0.1456    0.0412    0.9884

Norm obtained: 5.178020 Permuted norm obtained: 5.178020 CC RMS obtained: 2.881801
22-Feb-2017 13:51:00
----------------------- Trial 4 ------------------------

C =

   -0.0153    0.7929    0.5951
    0.5133   -0.5182    0.6971
    0.8581    0.3205   -0.4000

Norm obtained: 5.842027 Permuted norm obtained: 5.322223 CC RMS obtained: 1.850895
22-Feb-2017 13:54:26
----------------------- Trial 5 ------------------------

C =

    0.1911    0.6810    0.6953
    0.7922   -0.5345    0.3126
    0.5795    0.5007   -0.6472

Norm obtained: 5.835310 Permuted norm obtained: 5.835310 CC RMS obtained: 1.529959
Average norm: 5.632649 Average permuted norm: 5.528688 CC RMS: 1.940579
Learning rates used:     0.0010    0.0020    0.0030    0.0040    0.0050    0.0060    0.0070    0.0080    0.0090    0.0100

Norms obtained:     5.6327    5.6327    5.6327    5.6327    5.6327    5.6327    5.6327    5.6327    5.6327    5.6326

Permuted norms obtained:     5.5288    5.5288    5.5288    5.5288    5.5288    5.5288    5.5287    5.5287    5.5287    5.5287

Correlation constants RMS obtained:     1.9363    1.9368    1.9372    1.9377    1.9382    1.9387    1.9391    1.9396    1.9401    1.9406

