Running driver for source indices:      1     3     4

23-Feb-2017 00:39:41
23-Feb-2017 00:39:41
---------------------------------- Number of iterations 10000 -------------------------------
23-Feb-2017 00:39:41
----------------------- Trial 1 ------------------------

C =

    0.4038   -0.0324    0.9169
    0.9072   -0.1183   -0.3975
    0.1181    0.9925   -0.0352

Norm obtained: 278.378887 Permuted norm obtained: 249.893486 CC RMS obtained: 2.648711
23-Feb-2017 00:40:03
----------------------- Trial 2 ------------------------

C =

    0.3090   -0.1397    0.9449
    0.7955   -0.5070   -0.3224
    0.5212    0.8505   -0.0577

Norm obtained: 281.120657 Permuted norm obtained: 249.980710 CC RMS obtained: 2.248972
23-Feb-2017 00:40:29
----------------------- Trial 3 ------------------------

C =

    0.3989    0.6729   -0.6311
    0.2204    0.5868    0.7694
    0.8901   -0.4504    0.0985

Norm obtained: 264.103299 Permuted norm obtained: 256.713633 CC RMS obtained: 1.837072
23-Feb-2017 00:40:50
----------------------- Trial 4 ------------------------

C =

    0.5654    0.7828   -0.2652
    0.8245   -0.5488    0.1620
    0.0230    0.2935    0.9505

Norm obtained: 253.874194 Permuted norm obtained: 254.056751 CC RMS obtained: 2.195875
23-Feb-2017 00:41:10
----------------------- Trial 5 ------------------------

C =

    0.4980   -0.5565    0.6787
    0.1971    0.8201    0.5228
    0.8445    0.1331   -0.5158

Norm obtained: 285.581684 Permuted norm obtained: 252.978630 CC RMS obtained: 1.846359
Average norm: 272.611744 Average permuted norm: 252.724642 CC RMS: 2.155397
23-Feb-2017 00:41:31
---------------------------------- Number of iterations 20000 -------------------------------
23-Feb-2017 00:41:31
----------------------- Trial 1 ------------------------

C =

    0.4033   -0.0323    0.9171
    0.9074   -0.1182   -0.3970
    0.1180    0.9925   -0.0352

Norm obtained: 278.382033 Permuted norm obtained: 249.892304 CC RMS obtained: 2.649511
23-Feb-2017 00:42:10
----------------------- Trial 2 ------------------------

C =

    0.3086   -0.1394    0.9450
    0.7957   -0.5069   -0.3219
    0.5211    0.8506   -0.0576

Norm obtained: 281.122918 Permuted norm obtained: 249.981523 CC RMS obtained: 2.249852
23-Feb-2017 00:42:49
----------------------- Trial 3 ------------------------

C =

    0.3988    0.6731   -0.6310
    0.2203    0.5866    0.7696
    0.8902   -0.4503    0.0984

Norm obtained: 264.107799 Permuted norm obtained: 256.709537 CC RMS obtained: 1.837673
23-Feb-2017 00:43:27
----------------------- Trial 4 ------------------------

C =

    0.5653    0.7830   -0.2648
    0.8246   -0.5488    0.1617
    0.0230    0.2930    0.9506

Norm obtained: 253.868263 Permuted norm obtained: 254.050695 CC RMS obtained: 2.196656
23-Feb-2017 00:44:06
----------------------- Trial 5 ------------------------

C =

    0.4979   -0.5563    0.6789
    0.1970    0.8203    0.5226
    0.8445    0.1330   -0.5157

Norm obtained: 285.579504 Permuted norm obtained: 252.975753 CC RMS obtained: 1.847009
Average norm: 272.612103 Average permuted norm: 252.721962 CC RMS: 2.156140
23-Feb-2017 00:44:45
---------------------------------- Number of iterations 30000 -------------------------------
23-Feb-2017 00:44:45
----------------------- Trial 1 ------------------------

C =

    0.4029   -0.0322    0.9173
    0.9076   -0.1181   -0.3966
    0.1179    0.9925   -0.0351

Norm obtained: 278.385181 Permuted norm obtained: 249.891126 CC RMS obtained: 2.650311
23-Feb-2017 00:45:43
----------------------- Trial 2 ------------------------

C =

    0.3082   -0.1392    0.9452
    0.7960   -0.5068   -0.3214
    0.5209    0.8507   -0.0575

Norm obtained: 281.125176 Permuted norm obtained: 249.982338 CC RMS obtained: 2.250732
23-Feb-2017 00:46:41
----------------------- Trial 3 ------------------------

C =

    0.3987    0.6733   -0.6308
    0.2202    0.5865    0.7697
    0.8902   -0.4502    0.0983

Norm obtained: 264.112305 Permuted norm obtained: 256.705436 CC RMS obtained: 1.838275
23-Feb-2017 00:47:36
----------------------- Trial 4 ------------------------

C =

    0.5652    0.7832   -0.2644
    0.8246   -0.5487    0.1614
    0.0229    0.2925    0.9508

Norm obtained: 253.862341 Permuted norm obtained: 254.044648 CC RMS obtained: 2.197437
23-Feb-2017 00:48:34
----------------------- Trial 5 ------------------------

C =

    0.4978   -0.5562    0.6791
    0.1969    0.8204    0.5225
    0.8446    0.1329   -0.5156

Norm obtained: 285.577320 Permuted norm obtained: 252.972871 CC RMS obtained: 1.847661
Average norm: 272.612465 Average permuted norm: 252.719284 CC RMS: 2.156883
23-Feb-2017 00:49:31
---------------------------------- Number of iterations 40000 -------------------------------
23-Feb-2017 00:49:31
----------------------- Trial 1 ------------------------

C =

    0.4024   -0.0321    0.9175
    0.9078   -0.1180   -0.3961
    0.1177    0.9925   -0.0351

Norm obtained: 278.388330 Permuted norm obtained: 249.889951 CC RMS obtained: 2.651111
23-Feb-2017 00:50:48
----------------------- Trial 2 ------------------------

C =

    0.3078   -0.1389    0.9453
    0.7962   -0.5067   -0.3210
    0.5208    0.8508   -0.0575

Norm obtained: 281.127432 Permuted norm obtained: 249.983155 CC RMS obtained: 2.251611
23-Feb-2017 00:52:00
----------------------- Trial 3 ------------------------

C =

    0.3987    0.6735   -0.6306
    0.2202    0.5863    0.7699
    0.8903   -0.4502    0.0982

Norm obtained: 264.116816 Permuted norm obtained: 256.701330 CC RMS obtained: 1.838879
23-Feb-2017 00:53:16
----------------------- Trial 4 ------------------------

C =

    0.5651    0.7834   -0.2640
    0.8247   -0.5487    0.1611
    0.0229    0.2920    0.9510

Norm obtained: 253.856428 Permuted norm obtained: 254.038610 CC RMS obtained: 2.198216
23-Feb-2017 00:54:35
----------------------- Trial 5 ------------------------

C =

    0.4977   -0.5560    0.6794
    0.1967    0.8205    0.5223
    0.8447    0.1327   -0.5155

Norm obtained: 285.575131 Permuted norm obtained: 252.969986 CC RMS obtained: 1.848313
Average norm: 272.612827 Average permuted norm: 252.716606 CC RMS: 2.157626
23-Feb-2017 00:55:51
---------------------------------- Number of iterations 50000 -------------------------------
23-Feb-2017 00:55:51
----------------------- Trial 1 ------------------------

C =

    0.4019   -0.0321    0.9177
    0.9081   -0.1179   -0.3957
    0.1176    0.9925   -0.0351

Norm obtained: 278.391480 Permuted norm obtained: 249.888779 CC RMS obtained: 2.651910
23-Feb-2017 00:57:25
----------------------- Trial 2 ------------------------

C =

    0.3074   -0.1387    0.9455
    0.7965   -0.5066   -0.3205
    0.5206    0.8509   -0.0574

Norm obtained: 281.129686 Permuted norm obtained: 249.983974 CC RMS obtained: 2.252489
23-Feb-2017 00:58:58
----------------------- Trial 3 ------------------------

C =

    0.3986    0.6737   -0.6305
    0.2201    0.5861    0.7700
    0.8903   -0.4501    0.0981

Norm obtained: 264.121333 Permuted norm obtained: 256.697218 CC RMS obtained: 1.839483
23-Feb-2017 01:00:34
----------------------- Trial 4 ------------------------

C =

    0.5649    0.7836   -0.2636
    0.8248   -0.5487    0.1608
    0.0229    0.2914    0.9511

Norm obtained: 253.850523 Permuted norm obtained: 254.032581 CC RMS obtained: 2.198995
23-Feb-2017 01:02:08
----------------------- Trial 5 ------------------------

C =

    0.4976   -0.5558    0.6796
    0.1966    0.8207    0.5221
    0.8448    0.1326   -0.5154

Norm obtained: 285.572937 Permuted norm obtained: 252.967097 CC RMS obtained: 1.848967
Average norm: 272.613192 Average permuted norm: 252.713930 CC RMS: 2.158369
23-Feb-2017 01:03:39
---------------------------------- Number of iterations 60000 -------------------------------
23-Feb-2017 01:03:39
----------------------- Trial 1 ------------------------

C =

    0.4015   -0.0320    0.9179
    0.9083   -0.1178   -0.3952
    0.1175    0.9925   -0.0350

Norm obtained: 278.394632 Permuted norm obtained: 249.887611 CC RMS obtained: 2.652708
23-Feb-2017 01:05:32
----------------------- Trial 2 ------------------------

C =

    0.3071   -0.1384    0.9457
    0.7968   -0.5065   -0.3201
    0.5204    0.8510   -0.0574

Norm obtained: 281.131937 Permuted norm obtained: 249.984795 CC RMS obtained: 2.253367
23-Feb-2017 01:07:25
----------------------- Trial 3 ------------------------

C =

    0.3985    0.6739   -0.6303
    0.2200    0.5859    0.7702
    0.8904   -0.4500    0.0980

Norm obtained: 264.125855 Permuted norm obtained: 256.693100 CC RMS obtained: 1.840088
23-Feb-2017 01:09:17
----------------------- Trial 4 ------------------------

C =

    0.5648    0.7838   -0.2632
    0.8249   -0.5486    0.1605
    0.0228    0.2909    0.9513

Norm obtained: 253.844628 Permuted norm obtained: 254.026562 CC RMS obtained: 2.199773
23-Feb-2017 01:11:08
----------------------- Trial 5 ------------------------

C =

    0.4975   -0.5556    0.6798
    0.1965    0.8208    0.5220
    0.8449    0.1325   -0.5152

Norm obtained: 285.570738 Permuted norm obtained: 252.964203 CC RMS obtained: 1.849622
Average norm: 272.613558 Average permuted norm: 252.711254 CC RMS: 2.159111
23-Feb-2017 01:12:59
---------------------------------- Number of iterations 70000 -------------------------------
23-Feb-2017 01:12:59
----------------------- Trial 1 ------------------------

C =

    0.4010   -0.0319    0.9181
    0.9085   -0.1177   -0.3947
    0.1174    0.9925   -0.0350

Norm obtained: 278.397786 Permuted norm obtained: 249.886446 CC RMS obtained: 2.653505
23-Feb-2017 01:15:12
----------------------- Trial 2 ------------------------

C =

    0.3067   -0.1382    0.9458
    0.7970   -0.5064   -0.3196
    0.5203    0.8511   -0.0573

Norm obtained: 281.134186 Permuted norm obtained: 249.985618 CC RMS obtained: 2.254244
23-Feb-2017 01:17:23
----------------------- Trial 3 ------------------------

C =

    0.3984    0.6741   -0.6301
    0.2199    0.5858    0.7703
    0.8904   -0.4499    0.0979

Norm obtained: 264.130382 Permuted norm obtained: 256.688977 CC RMS obtained: 1.840694
23-Feb-2017 01:19:35
----------------------- Trial 4 ------------------------

C =

    0.5647    0.7840   -0.2628
    0.8249   -0.5486    0.1602
    0.0228    0.2904    0.9515

Norm obtained: 253.838742 Permuted norm obtained: 254.020551 CC RMS obtained: 2.200550
23-Feb-2017 01:21:47
----------------------- Trial 5 ------------------------

C =

    0.4974   -0.5555    0.6800
    0.1964    0.8209    0.5218
    0.8450    0.1324   -0.5151

Norm obtained: 285.568535 Permuted norm obtained: 252.961306 CC RMS obtained: 1.850278
Average norm: 272.613926 Average permuted norm: 252.708580 CC RMS: 2.159854
23-Feb-2017 01:24:00
---------------------------------- Number of iterations 80000 -------------------------------
23-Feb-2017 01:24:00
----------------------- Trial 1 ------------------------

C =

    0.4006   -0.0318    0.9183
    0.9087   -0.1176   -0.3943
    0.1173    0.9926   -0.0350

Norm obtained: 278.400940 Permuted norm obtained: 249.885284 CC RMS obtained: 2.654302
23-Feb-2017 01:26:27
----------------------- Trial 2 ------------------------

C =

    0.3063   -0.1379    0.9460
    0.7973   -0.5063   -0.3192
    0.5201    0.8512   -0.0572

Norm obtained: 281.136432 Permuted norm obtained: 249.986443 CC RMS obtained: 2.255121
23-Feb-2017 01:28:55
----------------------- Trial 3 ------------------------

C =

    0.3983    0.6743   -0.6300
    0.2199    0.5856    0.7705
    0.8905   -0.4498    0.0977

Norm obtained: 264.134914 Permuted norm obtained: 256.684848 CC RMS obtained: 1.841301
23-Feb-2017 01:31:21
----------------------- Trial 4 ------------------------

C =

    0.5646    0.7843   -0.2623
    0.8250   -0.5486    0.1599
    0.0228    0.2899    0.9516

Norm obtained: 253.832865 Permuted norm obtained: 254.014549 CC RMS obtained: 2.201326
23-Feb-2017 01:33:50
----------------------- Trial 5 ------------------------

C =

    0.4973   -0.5553    0.6802
    0.1963    0.8211    0.5216
    0.8450    0.1323   -0.5150

Norm obtained: 285.566327 Permuted norm obtained: 252.958405 CC RMS obtained: 1.850935
Average norm: 272.614296 Average permuted norm: 252.705906 CC RMS: 2.160597
23-Feb-2017 01:36:22
---------------------------------- Number of iterations 90000 -------------------------------
23-Feb-2017 01:36:22
----------------------- Trial 1 ------------------------

C =

    0.4001   -0.0318    0.9185
    0.9089   -0.1175   -0.3938
    0.1172    0.9926   -0.0349

Norm obtained: 278.404097 Permuted norm obtained: 249.884126 CC RMS obtained: 2.655098
23-Feb-2017 01:39:08
----------------------- Trial 2 ------------------------

C =

    0.3059   -0.1377    0.9461
    0.7975   -0.5062   -0.3187
    0.5200    0.8513   -0.0572

Norm obtained: 281.138676 Permuted norm obtained: 249.987270 CC RMS obtained: 2.255996
23-Feb-2017 01:41:56
----------------------- Trial 3 ------------------------

C =

    0.3983    0.6745   -0.6298
    0.2198    0.5854    0.7706
    0.8905   -0.4497    0.0976

Norm obtained: 264.139452 Permuted norm obtained: 256.680714 CC RMS obtained: 1.841909
23-Feb-2017 01:44:40
----------------------- Trial 4 ------------------------

C =

    0.5645    0.7845   -0.2619
    0.8251   -0.5485    0.1597
    0.0227    0.2894    0.9518

Norm obtained: 253.826997 Permuted norm obtained: 254.008557 CC RMS obtained: 2.202101
23-Feb-2017 01:47:25
----------------------- Trial 5 ------------------------

C =

    0.4972   -0.5551    0.6804
    0.1962    0.8212    0.5214
    0.8451    0.1322   -0.5149

Norm obtained: 285.564114 Permuted norm obtained: 252.955501 CC RMS obtained: 1.851593
Average norm: 272.614667 Average permuted norm: 252.703233 CC RMS: 2.161339
23-Feb-2017 01:50:09
---------------------------------- Number of iterations 100000 -------------------------------
23-Feb-2017 01:50:09
----------------------- Trial 1 ------------------------

C =

    0.3996   -0.0317    0.9187
    0.9092   -0.1174   -0.3933
    0.1170    0.9926   -0.0349

Norm obtained: 278.407254 Permuted norm obtained: 249.882971 CC RMS obtained: 2.655893
23-Feb-2017 01:53:14
----------------------- Trial 2 ------------------------

C =

    0.3055   -0.1374    0.9463
    0.7978   -0.5061   -0.3183
    0.5198    0.8515   -0.0571

Norm obtained: 281.140917 Permuted norm obtained: 249.988099 CC RMS obtained: 2.256871
23-Feb-2017 01:56:19
----------------------- Trial 3 ------------------------

C =

    0.3982    0.6748   -0.6296
    0.2197    0.5853    0.7708
    0.8906   -0.4497    0.0975

Norm obtained: 264.143995 Permuted norm obtained: 256.676574 CC RMS obtained: 1.842518
23-Feb-2017 01:59:21
----------------------- Trial 4 ------------------------

C =

    0.5644    0.7847   -0.2615
    0.8252   -0.5485    0.1594
    0.0227    0.2889    0.9520

Norm obtained: 253.821138 Permuted norm obtained: 254.002573 CC RMS obtained: 2.202875
23-Feb-2017 02:02:26
----------------------- Trial 5 ------------------------

C =

    0.4971   -0.5550    0.6806
    0.1961    0.8213    0.5213
    0.8452    0.1321   -0.5148

Norm obtained: 285.561896 Permuted norm obtained: 252.952592 CC RMS obtained: 1.852252
Average norm: 272.615040 Average permuted norm: 252.700562 CC RMS: 2.162082
23-Feb-2017 02:05:30
---------------------------------- Number of iterations 110000 -------------------------------
23-Feb-2017 02:05:30
----------------------- Trial 1 ------------------------

C =

    0.3992   -0.0316    0.9189
    0.9094   -0.1173   -0.3929
    0.1169    0.9926   -0.0349

Norm obtained: 278.410413 Permuted norm obtained: 249.881820 CC RMS obtained: 2.656688
23-Feb-2017 02:09:18
----------------------- Trial 2 ------------------------

C =

    0.3051   -0.1371    0.9464
    0.7980   -0.5060   -0.3178
    0.5196    0.8516   -0.0571

Norm obtained: 281.143156 Permuted norm obtained: 249.988930 CC RMS obtained: 2.257746
23-Feb-2017 02:12:40
----------------------- Trial 3 ------------------------

C =

    0.3981    0.6750   -0.6295
    0.2197    0.5851    0.7709
    0.8906   -0.4496    0.0974

Norm obtained: 264.148543 Permuted norm obtained: 256.672428 CC RMS obtained: 1.843128
23-Feb-2017 02:16:07
----------------------- Trial 4 ------------------------

C =

    0.5643    0.7849   -0.2611
    0.8253   -0.5484    0.1591
    0.0226    0.2884    0.9521

Norm obtained: 253.815288 Permuted norm obtained: 253.996599 CC RMS obtained: 2.203648
23-Feb-2017 02:19:29
----------------------- Trial 5 ------------------------

C =

    0.4970   -0.5548    0.6809
    0.1960    0.8215    0.5211
    0.8453    0.1319   -0.5147

Norm obtained: 285.559674 Permuted norm obtained: 252.949679 CC RMS obtained: 1.852912
Average norm: 272.615415 Average permuted norm: 252.697891 CC RMS: 2.162824
23-Feb-2017 02:22:52
---------------------------------- Number of iterations 120000 -------------------------------
23-Feb-2017 02:22:52
----------------------- Trial 1 ------------------------

C =

    0.3987   -0.0315    0.9191
    0.9096   -0.1171   -0.3924
    0.1168    0.9926   -0.0348

Norm obtained: 278.413573 Permuted norm obtained: 249.880672 CC RMS obtained: 2.657481
23-Feb-2017 02:26:36
----------------------- Trial 2 ------------------------

C =

    0.3047   -0.1369    0.9466
    0.7983   -0.5059   -0.3173
    0.5195    0.8517   -0.0570

Norm obtained: 281.145393 Permuted norm obtained: 249.989762 CC RMS obtained: 2.258619
23-Feb-2017 02:30:18
----------------------- Trial 3 ------------------------

C =

    0.3980    0.6752   -0.6293
    0.2196    0.5849    0.7711
    0.8907   -0.4495    0.0973

Norm obtained: 264.153097 Permuted norm obtained: 256.668277 CC RMS obtained: 1.843738
23-Feb-2017 02:33:57
----------------------- Trial 4 ------------------------

C =

    0.5642    0.7851   -0.2607
    0.8253   -0.5484    0.1588
    0.0226    0.2879    0.9523

Norm obtained: 253.809447 Permuted norm obtained: 253.990633 CC RMS obtained: 2.204421
23-Feb-2017 02:37:40
----------------------- Trial 5 ------------------------

C =

    0.4969   -0.5546    0.6811
    0.1959    0.8216    0.5209
    0.8454    0.1318   -0.5146

Norm obtained: 285.557446 Permuted norm obtained: 252.946763 CC RMS obtained: 1.853573
Average norm: 272.615791 Average permuted norm: 252.695221 CC RMS: 2.163567
23-Feb-2017 02:41:24
---------------------------------- Number of iterations 130000 -------------------------------
23-Feb-2017 02:41:24
----------------------- Trial 1 ------------------------

C =

    0.3982   -0.0315    0.9193
    0.9098   -0.1170   -0.3919
    0.1167    0.9926   -0.0348

Norm obtained: 278.416734 Permuted norm obtained: 249.879527 CC RMS obtained: 2.658275
23-Feb-2017 02:45:27
----------------------- Trial 2 ------------------------

C =

    0.3043   -0.1366    0.9468
    0.7985   -0.5058   -0.3169
    0.5193    0.8518   -0.0569

Norm obtained: 281.147627 Permuted norm obtained: 249.990597 CC RMS obtained: 2.259492
23-Feb-2017 02:49:24
----------------------- Trial 3 ------------------------

C =

    0.3979    0.6754   -0.6291
    0.2195    0.5847    0.7712
    0.8907   -0.4494    0.0972

Norm obtained: 264.157656 Permuted norm obtained: 256.664120 CC RMS obtained: 1.844350
23-Feb-2017 02:53:24
----------------------- Trial 4 ------------------------

C =

    0.5641    0.7853   -0.2603
    0.8254   -0.5484    0.1585
    0.0226    0.2874    0.9524

Norm obtained: 253.803615 Permuted norm obtained: 253.984677 CC RMS obtained: 2.205192
23-Feb-2017 02:57:19
----------------------- Trial 5 ------------------------

C =

    0.4968   -0.5544    0.6813
    0.1958    0.8217    0.5207
    0.8455    0.1317   -0.5145

Norm obtained: 285.555214 Permuted norm obtained: 252.943842 CC RMS obtained: 1.854236
Average norm: 272.616169 Average permuted norm: 252.692553 CC RMS: 2.164309
23-Feb-2017 03:01:17
---------------------------------- Number of iterations 140000 -------------------------------
23-Feb-2017 03:01:17
----------------------- Trial 1 ------------------------

C =

    0.3978   -0.0314    0.9195
    0.9100   -0.1169   -0.3915
    0.1166    0.9926   -0.0348

Norm obtained: 278.419897 Permuted norm obtained: 249.878386 CC RMS obtained: 2.659067
23-Feb-2017 03:05:37
----------------------- Trial 2 ------------------------

C =

    0.3039   -0.1364    0.9469
    0.7988   -0.5057   -0.3164
    0.5192    0.8519   -0.0569

Norm obtained: 281.149859 Permuted norm obtained: 249.991433 CC RMS obtained: 2.260365
23-Feb-2017 03:09:54
----------------------- Trial 3 ------------------------

C =

    0.3979    0.6756   -0.6289
    0.2194    0.5846    0.7714
    0.8908   -0.4493    0.0971

Norm obtained: 264.162221 Permuted norm obtained: 256.659958 CC RMS obtained: 1.844962
23-Feb-2017 03:14:06
----------------------- Trial 4 ------------------------

C =

    0.5640    0.7855   -0.2598
    0.8255   -0.5483    0.1582
    0.0225    0.2869    0.9526

Norm obtained: 253.797792 Permuted norm obtained: 253.978730 CC RMS obtained: 2.205963
23-Feb-2017 03:18:23
----------------------- Trial 5 ------------------------

C =

    0.4967   -0.5543    0.6815
    0.1957    0.8219    0.5206
    0.8456    0.1316   -0.5144

Norm obtained: 285.552977 Permuted norm obtained: 252.940918 CC RMS obtained: 1.854900
Average norm: 272.616549 Average permuted norm: 252.689885 CC RMS: 2.165051
23-Feb-2017 03:22:42
---------------------------------- Number of iterations 150000 -------------------------------
23-Feb-2017 03:22:42
----------------------- Trial 1 ------------------------

C =

    0.3973   -0.0313    0.9197
    0.9102   -0.1168   -0.3910
    0.1165    0.9927   -0.0347

Norm obtained: 278.423060 Permuted norm obtained: 249.877248 CC RMS obtained: 2.659859
23-Feb-2017 03:27:16
----------------------- Trial 2 ------------------------

C =

    0.3035   -0.1361    0.9471
    0.7990   -0.5056   -0.3160
    0.5190    0.8520   -0.0568

Norm obtained: 281.152088 Permuted norm obtained: 249.992271 CC RMS obtained: 2.261236
23-Feb-2017 03:31:51
----------------------- Trial 3 ------------------------

C =

    0.3978    0.6758   -0.6288
    0.2194    0.5844    0.7715
    0.8909   -0.4492    0.0969

Norm obtained: 264.166791 Permuted norm obtained: 256.655790 CC RMS obtained: 1.845576
23-Feb-2017 03:36:28
----------------------- Trial 4 ------------------------

C =

    0.5638    0.7858   -0.2594
    0.8256   -0.5483    0.1579
    0.0225    0.2863    0.9528

Norm obtained: 253.791979 Permuted norm obtained: 253.972792 CC RMS obtained: 2.206732
23-Feb-2017 03:41:05
----------------------- Trial 5 ------------------------

C =

    0.4966   -0.5541    0.6817
    0.1956    0.8220    0.5204
    0.8456    0.1315   -0.5142

Norm obtained: 285.550736 Permuted norm obtained: 252.937989 CC RMS obtained: 1.855564
Average norm: 272.616931 Average permuted norm: 252.687218 CC RMS: 2.165793
23-Feb-2017 03:46:08
---------------------------------- Number of iterations 160000 -------------------------------
23-Feb-2017 03:46:08
----------------------- Trial 1 ------------------------

C =

    0.3969   -0.0312    0.9199
    0.9105   -0.1167   -0.3905
    0.1164    0.9927   -0.0347

Norm obtained: 278.426225 Permuted norm obtained: 249.876114 CC RMS obtained: 2.660650
23-Feb-2017 03:50:59
----------------------- Trial 2 ------------------------

C =

    0.3031   -0.1359    0.9472
    0.7993   -0.5055   -0.3155
    0.5188    0.8521   -0.0568

Norm obtained: 281.154314 Permuted norm obtained: 249.993112 CC RMS obtained: 2.262107
23-Feb-2017 03:55:49
----------------------- Trial 3 ------------------------

C =

    0.3977    0.6760   -0.6286
    0.2193    0.5842    0.7717
    0.8909   -0.4491    0.0968

Norm obtained: 264.171367 Permuted norm obtained: 256.651616 CC RMS obtained: 1.846190
23-Feb-2017 04:00:39
----------------------- Trial 4 ------------------------

C =

    0.5637    0.7860   -0.2590
    0.8256   -0.5483    0.1576
    0.0225    0.2858    0.9529

Norm obtained: 253.786174 Permuted norm obtained: 253.966863 CC RMS obtained: 2.207501
23-Feb-2017 04:05:31
----------------------- Trial 5 ------------------------

C =

    0.4965   -0.5539    0.6820
    0.1955    0.8221    0.5202
    0.8457    0.1314   -0.5141

Norm obtained: 285.548489 Permuted norm obtained: 252.935057 CC RMS obtained: 1.856230
Average norm: 272.617314 Average permuted norm: 252.684552 CC RMS: 2.166536
23-Feb-2017 04:10:26
---------------------------------- Number of iterations 170000 -------------------------------
23-Feb-2017 04:10:26
----------------------- Trial 1 ------------------------

C =

    0.3964   -0.0312    0.9201
    0.9107   -0.1166   -0.3901
    0.1162    0.9927   -0.0347

Norm obtained: 278.429391 Permuted norm obtained: 249.874983 CC RMS obtained: 2.661440
23-Feb-2017 04:15:41
----------------------- Trial 2 ------------------------

C =

    0.3027   -0.1356    0.9474
    0.7995   -0.5054   -0.3151
    0.5187    0.8522   -0.0567

Norm obtained: 281.156538 Permuted norm obtained: 249.993954 CC RMS obtained: 2.262978
23-Feb-2017 04:20:50
----------------------- Trial 3 ------------------------

C =

    0.3976    0.6762   -0.6284
    0.2192    0.5840    0.7718
    0.8910   -0.4491    0.0967

Norm obtained: 264.175948 Permuted norm obtained: 256.647437 CC RMS obtained: 1.846806
23-Feb-2017 04:26:00
----------------------- Trial 4 ------------------------

C =

    0.5636    0.7862   -0.2586
    0.8257   -0.5482    0.1573
    0.0224    0.2853    0.9531

Norm obtained: 253.780378 Permuted norm obtained: 253.960943 CC RMS obtained: 2.208269
23-Feb-2017 04:31:10
----------------------- Trial 5 ------------------------

C =

    0.4964   -0.5537    0.6822
    0.1954    0.8223    0.5200
    0.8458    0.1313   -0.5140

Norm obtained: 285.546237 Permuted norm obtained: 252.932121 CC RMS obtained: 1.856897
Average norm: 272.617699 Average permuted norm: 252.681887 CC RMS: 2.167278
23-Feb-2017 04:36:19
---------------------------------- Number of iterations 180000 -------------------------------
23-Feb-2017 04:36:19
----------------------- Trial 1 ------------------------

C =

    0.3959   -0.0311    0.9203
    0.9109   -0.1165   -0.3896
    0.1161    0.9927   -0.0346

Norm obtained: 278.432559 Permuted norm obtained: 249.873855 CC RMS obtained: 2.662229
23-Feb-2017 04:41:49
----------------------- Trial 2 ------------------------

C =

    0.3024   -0.1354    0.9475
    0.7998   -0.5053   -0.3146
    0.5185    0.8523   -0.0566

Norm obtained: 281.158759 Permuted norm obtained: 249.994797 CC RMS obtained: 2.263847
23-Feb-2017 04:47:14
----------------------- Trial 3 ------------------------

C =

    0.3975    0.6764   -0.6283
    0.2192    0.5839    0.7720
    0.8910   -0.4490    0.0966

Norm obtained: 264.180534 Permuted norm obtained: 256.643252 CC RMS obtained: 1.847422
23-Feb-2017 04:52:43
----------------------- Trial 4 ------------------------

C =

    0.5635    0.7864   -0.2582
    0.8258   -0.5482    0.1570
    0.0224    0.2848    0.9533

Norm obtained: 253.774592 Permuted norm obtained: 253.955032 CC RMS obtained: 2.209035
23-Feb-2017 04:58:12
----------------------- Trial 5 ------------------------

C =

    0.4963   -0.5536    0.6824
    0.1953    0.8224    0.5199
    0.8459    0.1311   -0.5139

Norm obtained: 285.543981 Permuted norm obtained: 252.929181 CC RMS obtained: 1.857565
Average norm: 272.618085 Average permuted norm: 252.679224 CC RMS: 2.168020
23-Feb-2017 05:03:44
---------------------------------- Number of iterations 190000 -------------------------------
23-Feb-2017 05:03:44
----------------------- Trial 1 ------------------------

C =

    0.3955   -0.0310    0.9205
    0.9111   -0.1164   -0.3891
    0.1160    0.9927   -0.0346

Norm obtained: 278.435727 Permuted norm obtained: 249.872731 CC RMS obtained: 2.663018
23-Feb-2017 05:09:26
----------------------- Trial 2 ------------------------

C =

    0.3020   -0.1351    0.9477
    0.8001   -0.5052   -0.3142
    0.5184    0.8524   -0.0566

Norm obtained: 281.160978 Permuted norm obtained: 249.995643 CC RMS obtained: 2.264716
23-Feb-2017 05:15:17
----------------------- Trial 3 ------------------------

C =

    0.3975    0.6766   -0.6281
    0.2191    0.5837    0.7722
    0.8911   -0.4489    0.0965

Norm obtained: 264.185126 Permuted norm obtained: 256.639061 CC RMS obtained: 1.848040
23-Feb-2017 05:21:01
----------------------- Trial 4 ------------------------

C =

    0.5634    0.7866   -0.2578
    0.8259   -0.5481    0.1567
    0.0224    0.2843    0.9534

Norm obtained: 253.768815 Permuted norm obtained: 253.949131 CC RMS obtained: 2.209801
23-Feb-2017 05:26:51
----------------------- Trial 5 ------------------------

C =

    0.4962   -0.5534    0.6826
    0.1952    0.8226    0.5197
    0.8460    0.1310   -0.5138

Norm obtained: 285.541720 Permuted norm obtained: 252.926237 CC RMS obtained: 1.858234
Average norm: 272.618473 Average permuted norm: 252.676561 CC RMS: 2.168762
23-Feb-2017 05:32:37
---------------------------------- Number of iterations 200000 -------------------------------
23-Feb-2017 05:32:37
----------------------- Trial 1 ------------------------

C =

    0.3950   -0.0309    0.9207
    0.9113   -0.1163   -0.3887
    0.1159    0.9927   -0.0346

Norm obtained: 278.438897 Permuted norm obtained: 249.871611 CC RMS obtained: 2.663806
23-Feb-2017 05:38:39
----------------------- Trial 2 ------------------------

C =

    0.3016   -0.1349    0.9478
    0.8003   -0.5051   -0.3137
    0.5182    0.8525   -0.0565

Norm obtained: 281.163195 Permuted norm obtained: 249.996490 CC RMS obtained: 2.265584
23-Feb-2017 05:44:45
----------------------- Trial 3 ------------------------

C =

    0.3974    0.6768   -0.6279
    0.2190    0.5835    0.7723
    0.8911   -0.4488    0.0964

Norm obtained: 264.189723 Permuted norm obtained: 256.634865 CC RMS obtained: 1.848658
23-Feb-2017 05:50:52
----------------------- Trial 4 ------------------------

C =

    0.5633    0.7868   -0.2574
    0.8259   -0.5481    0.1564
    0.0223    0.2838    0.9536

Norm obtained: 253.763046 Permuted norm obtained: 253.943238 CC RMS obtained: 2.210566
23-Feb-2017 05:57:08
----------------------- Trial 5 ------------------------

C =

    0.4961   -0.5532    0.6828
    0.1951    0.8227    0.5195
    0.8461    0.1309   -0.5137

Norm obtained: 285.539453 Permuted norm obtained: 252.923289 CC RMS obtained: 1.858904
Average norm: 272.618863 Average permuted norm: 252.673899 CC RMS: 2.169504
Iterations used:   Columns 1 through 12

       10000       20000       30000       40000       50000       60000       70000       80000       90000      100000      110000      120000

  Columns 13 through 20

      130000      140000      150000      160000      170000      180000      190000      200000

Norms obtained:   Columns 1 through 14

  272.6117  272.6121  272.6125  272.6128  272.6132  272.6136  272.6139  272.6143  272.6147  272.6150  272.6154  272.6158  272.6162  272.6165

  Columns 15 through 20

  272.6169  272.6173  272.6177  272.6181  272.6185  272.6189

Permuted norms obtained:   Columns 1 through 14

  252.7246  252.7220  252.7193  252.7166  252.7139  252.7113  252.7086  252.7059  252.7032  252.7006  252.6979  252.6952  252.6926  252.6899

  Columns 15 through 20

  252.6872  252.6846  252.6819  252.6792  252.6766  252.6739

Correlation constants RMS obtained:   Columns 1 through 14

    2.1554    2.1561    2.1569    2.1576    2.1584    2.1591    2.1599    2.1606    2.1613    2.1621    2.1628    2.1636    2.1643    2.1651

  Columns 15 through 20

    2.1658    2.1665    2.1673    2.1680    2.1688    2.1695

