Running driver for source indices:      1     3     4

23-Feb-2017 08:41:03

etas =

    0.0010    0.0030    0.0060    0.0100    0.0200    0.0400    0.0600    0.0800    0.1000    0.3000    0.6000    1.0000

23-Feb-2017 08:41:03
---------------------------------- Learning rate 0.001000 -------------------------------
23-Feb-2017 08:41:03
----------------------- Trial 1 ------------------------

C =

    0.0263    0.2903    0.9514
    0.5482   -0.8061    0.2462
    0.8359    0.5157   -0.1848

Norm obtained: 4.400501 Permuted norm obtained: 4.089125 CC RMS obtained: 2.253820
23-Feb-2017 08:44:46
----------------------- Trial 2 ------------------------

C =

   -0.0451    0.1782    0.9794
    0.9832   -0.1695    0.0836
    0.1769    0.9693   -0.1836

Norm obtained: 4.366761 Permuted norm obtained: 3.839963 CC RMS obtained: 2.865502
23-Feb-2017 08:48:40
----------------------- Trial 3 ------------------------

C =

    0.0951    0.9354    0.3238
    0.5299   -0.3382    0.7871
    0.8427    0.1034   -0.5249

Norm obtained: 4.395482 Permuted norm obtained: 3.861012 CC RMS obtained: 2.204673
23-Feb-2017 08:52:31
----------------------- Trial 4 ------------------------

C =

    0.2602    0.9211   -0.3018
    0.2097    0.2356    0.9456
    0.9425   -0.3101   -0.1212

Norm obtained: 4.208142 Permuted norm obtained: 3.843551 CC RMS obtained: 2.630887
23-Feb-2017 08:56:48
----------------------- Trial 5 ------------------------

C =

    0.1025   -0.1871    0.9807
    0.9758   -0.1748   -0.1268
    0.1930    0.9667    0.1487

Norm obtained: 4.284979 Permuted norm obtained: 3.827248 CC RMS obtained: 2.848465
Average norm: 4.331173 Average permuted norm: 3.892180 CC RMS: 2.560670
23-Feb-2017 09:00:19
---------------------------------- Learning rate 0.003000 -------------------------------
23-Feb-2017 09:00:19
----------------------- Trial 1 ------------------------

C =

    0.0263    0.2892    0.9518
    0.5478   -0.8066    0.2454
    0.8362    0.5156   -0.1842

Norm obtained: 4.400347 Permuted norm obtained: 4.088862 CC RMS obtained: 2.255542
23-Feb-2017 09:04:24
----------------------- Trial 2 ------------------------

C =

   -0.0450    0.1774    0.9796
    0.9833   -0.1692    0.0832
    0.1766    0.9695   -0.1828

Norm obtained: 4.366590 Permuted norm obtained: 3.839874 CC RMS obtained: 2.866375
23-Feb-2017 09:07:37
----------------------- Trial 3 ------------------------

C =

    0.0948    0.9357    0.3230
    0.5294   -0.3375    0.7877
    0.8430    0.1030   -0.5245

Norm obtained: 4.395332 Permuted norm obtained: 3.860870 CC RMS obtained: 2.206721
23-Feb-2017 09:11:11
----------------------- Trial 4 ------------------------

C =

    0.2600    0.9214   -0.3007
    0.2090    0.2348    0.9460
    0.9427   -0.3096   -0.1209

Norm obtained: 4.208338 Permuted norm obtained: 3.843440 CC RMS obtained: 2.632709
23-Feb-2017 09:14:42
----------------------- Trial 5 ------------------------

C =

    0.1022   -0.1862    0.9809
    0.9759   -0.1746   -0.1263
    0.1926    0.9669    0.1479

Norm obtained: 4.285178 Permuted norm obtained: 3.827221 CC RMS obtained: 2.849454
Average norm: 4.331157 Average permuted norm: 3.892053 CC RMS: 2.562160
23-Feb-2017 09:18:09
---------------------------------- Learning rate 0.006000 -------------------------------
23-Feb-2017 09:18:09
----------------------- Trial 1 ------------------------

C =

    0.0263    0.2877    0.9523
    0.5474   -0.8072    0.2442
    0.8365    0.5154   -0.1832

Norm obtained: 4.400117 Permuted norm obtained: 4.088467 CC RMS obtained: 2.258117
23-Feb-2017 09:21:22
----------------------- Trial 2 ------------------------

C =

   -0.0447    0.1761    0.9799
    0.9834   -0.1688    0.0827
    0.1760    0.9698   -0.1817

Norm obtained: 4.366335 Permuted norm obtained: 3.839740 CC RMS obtained: 2.867673
23-Feb-2017 09:24:54
----------------------- Trial 3 ------------------------

C =

    0.0943    0.9362    0.3218
    0.5288   -0.3363    0.7886
    0.8435    0.1024   -0.5239

Norm obtained: 4.395106 Permuted norm obtained: 3.860656 CC RMS obtained: 2.209797
23-Feb-2017 09:28:12
----------------------- Trial 4 ------------------------

C =

    0.2597    0.9220   -0.2991
    0.2079    0.2335    0.9466
    0.9430   -0.3088   -0.1205

Norm obtained: 4.208631 Permuted norm obtained: 3.843274 CC RMS obtained: 2.635430
23-Feb-2017 09:31:21
----------------------- Trial 5 ------------------------

C =

    0.1018   -0.1849    0.9812
    0.9761   -0.1742   -0.1255
    0.1920    0.9672    0.1468

Norm obtained: 4.285474 Permuted norm obtained: 3.827180 CC RMS obtained: 2.850925
Average norm: 4.331132 Average permuted norm: 3.891864 CC RMS: 2.564388
23-Feb-2017 09:34:29
---------------------------------- Learning rate 0.010000 -------------------------------
23-Feb-2017 09:34:29
----------------------- Trial 1 ------------------------

C =

    0.0264    0.2856    0.9529
    0.5467   -0.8081    0.2425
    0.8369    0.5151   -0.1820

Norm obtained: 4.399809 Permuted norm obtained: 4.087944 CC RMS obtained: 2.261536
23-Feb-2017 09:37:33
----------------------- Trial 2 ------------------------

C =

   -0.0444    0.1744    0.9802
    0.9835   -0.1683    0.0820
    0.1753    0.9702   -0.1802

Norm obtained: 4.365995 Permuted norm obtained: 3.839563 CC RMS obtained: 2.869384
23-Feb-2017 09:40:42
----------------------- Trial 3 ------------------------

C =

    0.0937    0.9368    0.3202
    0.5280   -0.3347    0.7898
    0.8441    0.1016   -0.5231

Norm obtained: 4.394804 Permuted norm obtained: 3.860371 CC RMS obtained: 2.213907
23-Feb-2017 09:43:48
----------------------- Trial 4 ------------------------

C =

    0.2594    0.9228   -0.2970
    0.2065    0.2318    0.9473
    0.9434   -0.3078   -0.1199

Norm obtained: 4.209021 Permuted norm obtained: 3.843055 CC RMS obtained: 2.639034
23-Feb-2017 09:46:49
----------------------- Trial 5 ------------------------

C =

    0.1012   -0.1832    0.9815
    0.9763   -0.1737   -0.1245
    0.1912    0.9676    0.1453

Norm obtained: 4.285866 Permuted norm obtained: 3.827128 CC RMS obtained: 2.852864
Average norm: 4.331099 Average permuted norm: 3.891612 CC RMS: 2.567345
23-Feb-2017 09:50:02
---------------------------------- Learning rate 0.020000 -------------------------------
23-Feb-2017 09:50:02
----------------------- Trial 1 ------------------------

C =

    0.0266    0.2804    0.9545
    0.5451   -0.8104    0.2385
    0.8380    0.5145   -0.1788

Norm obtained: 4.399040 Permuted norm obtained: 4.086648 CC RMS obtained: 2.270014
23-Feb-2017 09:53:09
----------------------- Trial 2 ------------------------

C =

   -0.0436    0.1704    0.9810
    0.9839   -0.1669    0.0802
    0.1734    0.9712   -0.1764

Norm obtained: 4.365152 Permuted norm obtained: 3.839132 CC RMS obtained: 2.873577
23-Feb-2017 09:56:22
----------------------- Trial 3 ------------------------

C =

    0.0922    0.9384    0.3161
    0.5258   -0.3309    0.7929
    0.8456    0.0997   -0.5210

Norm obtained: 4.394040 Permuted norm obtained: 3.859661 CC RMS obtained: 2.224218
23-Feb-2017 09:59:33
----------------------- Trial 4 ------------------------

C =

    0.2584    0.9247   -0.2917
    0.2030    0.2276    0.9492
    0.9445   -0.3053   -0.1184

Norm obtained: 4.209987 Permuted norm obtained: 3.842517 CC RMS obtained: 2.647925
23-Feb-2017 10:02:44
----------------------- Trial 5 ------------------------

C =

    0.0996   -0.1789    0.9824
    0.9769   -0.1725   -0.1220
    0.1891    0.9686    0.1416

Norm obtained: 4.286829 Permuted norm obtained: 3.827001 CC RMS obtained: 2.857601
Average norm: 4.331010 Average permuted norm: 3.890992 CC RMS: 2.574667
23-Feb-2017 10:06:02
---------------------------------- Learning rate 0.040000 -------------------------------
23-Feb-2017 10:06:02
----------------------- Trial 1 ------------------------

C =

    0.0268    0.2702    0.9577
    0.5418   -0.8147    0.2304
    0.8401    0.5130   -0.1726

Norm obtained: 4.397498 Permuted norm obtained: 4.084106 CC RMS obtained: 2.286672
23-Feb-2017 10:09:23
----------------------- Trial 2 ------------------------

C =

   -0.6786   -0.0622    0.7290
   -0.4769   -0.7175   -0.4955
   -0.5586    0.6938   -0.4723

Norm obtained: 4.364005 Permuted norm obtained: 4.364005 CC RMS obtained: 1.527527
23-Feb-2017 10:12:41
----------------------- Trial 3 ------------------------

C =

    0.0892    0.9415    0.3080
    0.5213   -0.3230    0.7989
    0.8487    0.0958   -0.5166

Norm obtained: 4.392482 Permuted norm obtained: 3.858248 CC RMS obtained: 2.244989
23-Feb-2017 10:16:11
----------------------- Trial 4 ------------------------

C =

    0.2563    0.9284   -0.2812
    0.1962    0.2192    0.9527
    0.9465   -0.3002   -0.1155

Norm obtained: 4.211884 Permuted norm obtained: 3.841483 CC RMS obtained: 2.665194
23-Feb-2017 10:19:46
----------------------- Trial 5 ------------------------

C =

    0.0967   -0.1705    0.9840
    0.9779   -0.1701   -0.1171
    0.1851    0.9706    0.1343

MEvent. CASE!
MEvent. CASE!
MEvent. CASE!
MEvent. CASE!
Norm obtained: 4.288686 Permuted norm obtained: 3.826768 CC RMS obtained: 2.866617
Average norm: 4.330911 Average permuted norm: 3.994922 CC RMS: 2.318200
23-Feb-2017 10:23:06
---------------------------------- Learning rate 0.060000 -------------------------------
23-Feb-2017 10:23:06
----------------------- Trial 1 ------------------------

C =

    0.0271    0.2601    0.9606
    0.5384   -0.8190    0.2225
    0.8423    0.5114   -0.1666

Norm obtained: 4.395954 Permuted norm obtained: 4.081636 CC RMS obtained: 2.302943
23-Feb-2017 10:26:30
----------------------- Trial 2 ------------------------

C =

   -0.6749   -0.0618    0.7324
   -0.4801   -0.7169   -0.4932
   -0.5603    0.6944   -0.4694

Norm obtained: 4.363889 Permuted norm obtained: 4.363889 CC RMS obtained: 1.532643
23-Feb-2017 10:29:53
----------------------- Trial 3 ------------------------

C =

    0.0861    0.9446    0.2998
    0.5166   -0.3151    0.8050
    0.8519    0.0919   -0.5120

Norm obtained: 4.390882 Permuted norm obtained: 3.856846 CC RMS obtained: 2.265940
23-Feb-2017 10:33:11
----------------------- Trial 4 ------------------------

C =

    0.2541    0.9319   -0.2709
    0.1895    0.2109    0.9560
    0.9484   -0.2952   -0.1126

Norm obtained: 4.213733 Permuted norm obtained: 3.840503 CC RMS obtained: 2.681772
23-Feb-2017 10:36:37
----------------------- Trial 5 ------------------------

C =

    0.0937   -0.1625    0.9855
    0.9790   -0.1677   -0.1123
    0.1812    0.9724    0.1273

Norm obtained: 4.290454 Permuted norm obtained: 3.826561 CC RMS obtained: 2.875048
Average norm: 4.330982 Average permuted norm: 3.993887 CC RMS: 2.331669
23-Feb-2017 10:40:20
---------------------------------- Learning rate 0.080000 -------------------------------
23-Feb-2017 10:40:20
----------------------- Trial 1 ------------------------

C =

    0.0272    0.2503    0.9634
    0.5349   -0.8232    0.2148
    0.8445    0.5096   -0.1606

Norm obtained: 4.394405 Permuted norm obtained: 4.079238 CC RMS obtained: 2.318872
23-Feb-2017 10:43:38
----------------------- Trial 2 ------------------------

C =

   NaN   NaN   NaN
   NaN   NaN   NaN
   NaN   NaN   NaN

Norm obtained: NaN Permuted norm obtained: NaN CC RMS obtained: NaN
23-Feb-2017 10:45:30
----------------------- Trial 3 ------------------------

C =

    0.0830    0.9476    0.2915
    0.5116   -0.3072    0.8111
    0.8552    0.0881   -0.5071

Norm obtained: 4.389241 Permuted norm obtained: 3.855457 CC RMS obtained: 2.287047
23-Feb-2017 10:48:50
----------------------- Trial 4 ------------------------

C =

    0.2518    0.9352   -0.2609
    0.1830    0.2028    0.9591
    0.9503   -0.2902   -0.1098

Norm obtained: 4.215533 Permuted norm obtained: 3.839578 CC RMS obtained: 2.697657
23-Feb-2017 10:52:11
----------------------- Trial 5 ------------------------

C =

    0.0909   -0.1548    0.9869
    0.9799   -0.1652   -0.1077
    0.1773    0.9740    0.1205

Norm obtained: 4.292133 Permuted norm obtained: 3.826377 CC RMS obtained: 2.882925
Average norm: NaN Average permuted norm: NaN CC RMS: NaN
23-Feb-2017 10:55:21
---------------------------------- Learning rate 0.100000 -------------------------------
23-Feb-2017 10:55:21
----------------------- Trial 1 ------------------------

C =

    0.0272    0.2404    0.9660
    0.5311   -0.8274    0.2072
    0.8469    0.5075   -0.1545

Norm obtained: 4.392803 Permuted norm obtained: 4.076899 CC RMS obtained: 2.335016
23-Feb-2017 10:58:24
----------------------- Trial 2 ------------------------

C =

   NaN   NaN   NaN
   NaN   NaN   NaN
   NaN   NaN   NaN

Norm obtained: NaN Permuted norm obtained: NaN CC RMS obtained: NaN
23-Feb-2017 11:00:13
----------------------- Trial 3 ------------------------

C =

    0.0799    0.9505    0.2833
    0.5064   -0.2992    0.8172
    0.8586    0.0843   -0.5020

Norm obtained: 4.387560 Permuted norm obtained: 3.854083 CC RMS obtained: 2.308283
23-Feb-2017 11:03:21
----------------------- Trial 4 ------------------------

C =

    0.2494    0.9384   -0.2510
    0.1766    0.1949    0.9621
    0.9522   -0.2852   -0.1069

Norm obtained: 4.217282 Permuted norm obtained: 3.838705 CC RMS obtained: 2.712851
23-Feb-2017 11:06:16
----------------------- Trial 5 ------------------------

C =

    0.0881   -0.1474    0.9881
    0.9809   -0.1626   -0.1033
    0.1736    0.9756    0.1140

Norm obtained: 4.293727 Permuted norm obtained: 3.826215 CC RMS obtained: 2.890281
Average norm: NaN Average permuted norm: NaN CC RMS: NaN
23-Feb-2017 11:08:53
---------------------------------- Learning rate 0.300000 -------------------------------
23-Feb-2017 11:08:53
----------------------- Trial 1 ------------------------

C =

   NaN   NaN   NaN
   NaN   NaN   NaN
   NaN   NaN   NaN

Norm obtained: NaN Permuted norm obtained: NaN CC RMS obtained: NaN
23-Feb-2017 11:10:34
----------------------- Trial 2 ------------------------

C =

   NaN   NaN   NaN
   NaN   NaN   NaN
   NaN   NaN   NaN

Norm obtained: NaN Permuted norm obtained: NaN CC RMS obtained: NaN
23-Feb-2017 11:12:19
----------------------- Trial 3 ------------------------

C =

   -0.5940    0.8011    0.0750
   -0.7452   -0.5874    0.3175
   -0.3032   -0.1152   -0.9453

Norm obtained: 4.399028 Permuted norm obtained: 4.276779 CC RMS obtained: 2.090569
23-Feb-2017 11:15:37
----------------------- Trial 4 ------------------------

C =

    0.2200    0.9630   -0.1672
    0.1217    0.1266    0.9827
    0.9679   -0.2381   -0.0799

MEvent. CASE!
MEvent. CASE!
MEvent. CASE!
MEvent. CASE!
MEvent. CASE!
MEvent. CASE!
MEvent. CASE!
MEvent. CASE!
MEvent. CASE!
MEvent. CASE!
MEvent. CASE!
MEvent. CASE!
MEvent. CASE!
MEvent. CASE!
MEvent. CASE!
MEvent. CASE!
MEvent. CASE!
MEvent. CASE!
MEvent. CASE!
MEvent. CASE!
MEvent. CASE!
MEvent. CASE!
MEvent. CASE!
MEvent. CASE!
MEvent. CASE!
MEvent. CASE!
MEvent. CASE!
MEvent. CASE!
MEvent. CASE!
MEvent. CASE!
MEvent. CASE!
MEvent. CASE!
MEvent. CASE!
MEvent. CASE!
Norm obtained: 4.231913 Permuted norm obtained: 3.832491 CC RMS obtained: 2.829749
23-Feb-2017 11:19:02
----------------------- Trial 5 ------------------------

C =

    0.0639   -0.0884    0.9958
    0.9881   -0.1369   -0.0676
    0.1397    0.9866    0.0621

Norm obtained: 4.305605 Permuted norm obtained: 3.825387 CC RMS obtained: 2.941424
Average norm: NaN Average permuted norm: NaN CC RMS: NaN
23-Feb-2017 11:22:18
---------------------------------- Learning rate 0.600000 -------------------------------
23-Feb-2017 11:22:18
----------------------- Trial 1 ------------------------

C =

   NaN   NaN   NaN
   NaN   NaN   NaN
   NaN   NaN   NaN

Norm obtained: NaN Permuted norm obtained: NaN CC RMS obtained: NaN
23-Feb-2017 11:24:05
----------------------- Trial 2 ------------------------

C =

   NaN   NaN   NaN
   NaN   NaN   NaN
   NaN   NaN   NaN

Norm obtained: NaN Permuted norm obtained: NaN CC RMS obtained: NaN
23-Feb-2017 11:25:53
----------------------- Trial 3 ------------------------

C =

   NaN   NaN   NaN
   NaN   NaN   NaN
   NaN   NaN   NaN

Norm obtained: NaN Permuted norm obtained: NaN CC RMS obtained: NaN
23-Feb-2017 11:27:38
----------------------- Trial 4 ------------------------

C =

    0.1707    0.9820   -0.0897
    0.0687    0.0623    0.9948
    0.9829   -0.1781   -0.0483

Norm obtained: 4.245830 Permuted norm obtained: 3.828482 CC RMS obtained: 2.920167
23-Feb-2017 11:30:47
----------------------- Trial 5 ------------------------

C =

    0.0393   -0.0394    0.9992
    0.9942   -0.1017   -0.0358
    0.1001    0.9940    0.0183

Norm obtained: 4.313950 Permuted norm obtained: 3.825190 CC RMS obtained: 2.974913
Average norm: NaN Average permuted norm: NaN CC RMS: NaN
23-Feb-2017 11:33:58
---------------------------------- Learning rate 1.000000 -------------------------------
23-Feb-2017 11:33:58
----------------------- Trial 1 ------------------------

C =

   NaN   NaN   NaN
   NaN   NaN   NaN
   NaN   NaN   NaN

Norm obtained: NaN Permuted norm obtained: NaN CC RMS obtained: NaN
23-Feb-2017 11:35:42
----------------------- Trial 2 ------------------------

C =

   NaN   NaN   NaN
   NaN   NaN   NaN
   NaN   NaN   NaN

Norm obtained: NaN Permuted norm obtained: NaN CC RMS obtained: NaN
23-Feb-2017 11:37:26
----------------------- Trial 3 ------------------------

C =

   NaN   NaN   NaN
   NaN   NaN   NaN
   NaN   NaN   NaN

Norm obtained: NaN Permuted norm obtained: NaN CC RMS obtained: NaN
23-Feb-2017 11:39:13
----------------------- Trial 4 ------------------------

C =

    0.1143    0.9927   -0.0452
    0.0352    0.0226    0.9987
    0.9930   -0.1177   -0.0221

Norm obtained: 4.255960 Permuted norm obtained: 3.826323 CC RMS obtained: 2.968892
23-Feb-2017 11:42:20
----------------------- Trial 5 ------------------------

C =

    0.0209   -0.0139    0.9999
    0.9977   -0.0664   -0.0167
    0.0624    0.9978   -0.0076

Norm obtained: 4.317256 Permuted norm obtained: 3.824604 CC RMS obtained: 2.990809
Average norm: NaN Average permuted norm: NaN CC RMS: NaN
Learning rates used:     0.0010    0.0030    0.0060    0.0100    0.0200    0.0400    0.0600    0.0800    0.1000    0.3000    0.6000    1.0000

Norms obtained:     4.3312    4.3312    4.3311    4.3311    4.3310    4.3309    4.3310       NaN       NaN       NaN       NaN       NaN

Permuted norms obtained:     3.8922    3.8921    3.8919    3.8916    3.8910    3.9949    3.9939       NaN       NaN       NaN       NaN       NaN

Correlation constants RMS obtained:     2.5607    2.5622    2.5644    2.5673    2.5747    2.3182    2.3317       NaN       NaN       NaN       NaN       NaN

