Running driver for source indices:      1     3     4

24-Feb-2017 10:04:41
24-Feb-2017 10:04:41
---------------------------------- Number of iterations 10 -------------------------------
24-Feb-2017 10:04:41
----------------------- Trial 1 ------------------------
{Error using <a href="matlab:matlab.internal.language.introspective.errorDocCallback('name', '/usr/local/MATLAB/R2016b/toolbox/matlab/graphics/private/name.m', 102)" style="font-weight:bold">name</a> (<a href="matlab: opentoline('/usr/local/MATLAB/R2016b/toolbox/matlab/graphics/private/name.m',102,0)">line 102</a>)
Cannot create output file 'plots_vary_iterations3/1_3_4_eta_0.01_iterations_10_trial_1_original'.

Error in <a href="matlab:matlab.internal.language.introspective.errorDocCallback('print', '/usr/local/MATLAB/R2016b/toolbox/matlab/graphics/print.m', 85)" style="font-weight:bold">print</a> (<a href="matlab: opentoline('/usr/local/MATLAB/R2016b/toolbox/matlab/graphics/print.m',85,0)">line 85</a>)
    pj = name( pj );

Error in <a href="matlab:matlab.internal.language.introspective.errorDocCallback('plot_signals_save', '/home/pandian/studies/semester2/ML/hw2/ica/src/plot_signals_save.m', 41)" style="font-weight:bold">plot_signals_save</a> (<a href="matlab: opentoline('/home/pandian/studies/semester2/ML/hw2/ica/src/plot_signals_save.m',41,0)">line 41</a>)
    print(fig, file_name, '-dpng');

Error in <a href="matlab:matlab.internal.language.introspective.errorDocCallback('ica_analysis', '/home/pandian/studies/semester2/ML/hw2/ica/src/ica_analysis.m', 26)" style="font-weight:bold">ica_analysis</a> (<a href="matlab: opentoline('/home/pandian/studies/semester2/ML/hw2/ica/src/ica_analysis.m',26,0)">line 26</a>)
plot_signals_save(S, colors, 'Source signal - ', sourceIndices, original_file_name);

Error in <a href="matlab:matlab.internal.language.introspective.errorDocCallback('ica_driver_vary_iterations', '/home/pandian/studies/semester2/ML/hw2/ica/src/ica_driver_vary_iterations.m', 55)" style="font-weight:bold">ica_driver_vary_iterations</a> (<a href="matlab: opentoline('/home/pandian/studies/semester2/ML/hw2/ica/src/ica_driver_vary_iterations.m',55,0)">line 55</a>)
        [error_norm, error_norm_perm, cc_rms] = ica_analysis(S, M, W, plot_dir, sourceIndices, trial, eta, iterations);
} 
ica_driver_vary_iterations
Running driver for source indices:      1     3     4

24-Feb-2017 10:05:03
24-Feb-2017 10:05:03
---------------------------------- Number of iterations 10 -------------------------------
24-Feb-2017 10:05:03
----------------------- Trial 1 ------------------------

C =

    0.9994    0.0024    0.0395
    0.9233    0.3333    0.1847
    0.9127    0.3048    0.2685

Norm obtained: 3.705049 Permuted norm obtained: 3.705049 CC RMS obtained: 2.684338
24-Feb-2017 10:05:06
----------------------- Trial 2 ------------------------

C =

    0.8514    0.3454    0.3910
    0.8538    0.5177    0.0078
    0.9700    0.2166    0.1053

Norm obtained: 3.691309 Permuted norm obtained: 3.691309 CC RMS obtained: 2.394747
24-Feb-2017 10:05:08
----------------------- Trial 3 ------------------------

C =

    0.9369    0.3330    0.0961
    0.9091    0.3426    0.2318
    0.8630    0.4061    0.2943

Norm obtained: 3.733214 Permuted norm obtained: 3.733214 CC RMS obtained: 2.448836
Average norm: 3.709857 Average permuted norm: 3.709857 CC RMS: 2.509307
24-Feb-2017 10:05:10
---------------------------------- Number of iterations 100 -------------------------------
24-Feb-2017 10:05:10
----------------------- Trial 1 ------------------------

C =

    0.8030   -0.5227   -0.2771
    0.8943    0.4384    0.0718
    0.8424    0.3009    0.4444

Norm obtained: 3.672322 Permuted norm obtained: 3.672322 CC RMS obtained: 2.154306
24-Feb-2017 10:05:13
----------------------- Trial 2 ------------------------

C =

    0.5780    0.3554    0.7305
    0.4922    0.7912   -0.3707
    0.9840   -0.0801   -0.1540

Norm obtained: 3.642995 Permuted norm obtained: 3.579017 CC RMS obtained: 2.127811
24-Feb-2017 10:05:15
----------------------- Trial 3 ------------------------

C =

    0.9534    0.1868   -0.2325
    0.9515    0.2246    0.2081
    0.7844    0.4507    0.4197

Norm obtained: 3.724982 Permuted norm obtained: 3.724982 CC RMS obtained: 2.429749
Average norm: 3.680099 Average permuted norm: 3.658773 CC RMS: 2.237288
24-Feb-2017 10:05:17
---------------------------------- Number of iterations 1000 -------------------------------
24-Feb-2017 10:05:17
----------------------- Trial 1 ------------------------

C =

    0.5805   -0.7381   -0.3316
    0.6202    0.6746   -0.4055
    0.5276    0.0131    0.8518

Norm obtained: 3.453937 Permuted norm obtained: 3.453937 CC RMS obtained: 1.725488
24-Feb-2017 10:05:21
----------------------- Trial 2 ------------------------

C =

    0.3806    0.3391    0.8558
    0.2043    0.8753   -0.4513
    0.9019   -0.3449   -0.2529

Norm obtained: 3.554963 Permuted norm obtained: 3.474179 CC RMS obtained: 2.311924
24-Feb-2017 10:05:25
----------------------- Trial 3 ------------------------

C =

    0.7080    0.1018   -0.6963
    0.5073   -0.7646    0.4167
    0.4913    0.6364    0.5844

Norm obtained: 3.890507 Permuted norm obtained: 3.890507 CC RMS obtained: 1.490881
Average norm: 3.633136 Average permuted norm: 3.606208 CC RMS: 1.842764
24-Feb-2017 10:05:29
---------------------------------- Number of iterations 10000 -------------------------------
24-Feb-2017 10:05:29
----------------------- Trial 1 ------------------------

C =

    0.5806   -0.7381   -0.3313
    0.6204    0.6745   -0.4052
    0.5273    0.0131    0.8521

Norm obtained: 3.453937 Permuted norm obtained: 3.453937 CC RMS obtained: 1.725878
24-Feb-2017 10:05:51
----------------------- Trial 2 ------------------------

C =

    0.3802    0.3388    0.8561
    0.2043    0.8755   -0.4508
    0.9020   -0.3446   -0.2527

Norm obtained: 3.554993 Permuted norm obtained: 3.474122 CC RMS obtained: 2.313048
24-Feb-2017 10:06:12
----------------------- Trial 3 ------------------------

C =

    0.7079    0.1018   -0.6964
    0.5073   -0.7647    0.4165
    0.4914    0.6363    0.5844

Norm obtained: 3.890483 Permuted norm obtained: 3.890483 CC RMS obtained: 1.490747
Average norm: 3.633138 Average permuted norm: 3.606181 CC RMS: 1.843224
24-Feb-2017 10:06:35
---------------------------------- Number of iterations 100000 -------------------------------
24-Feb-2017 10:06:35
----------------------- Trial 1 ------------------------

C =

    0.5819   -0.7385   -0.3285
    0.6224    0.6742   -0.4027
    0.5235    0.0132    0.8544

MEvent. CASE!
MEvent. CASE!
MEvent. CASE!
MEvent. CASE!
Norm obtained: 3.453940 Permuted norm obtained: 3.453940 CC RMS obtained: 1.729788
24-Feb-2017 10:10:01
----------------------- Trial 2 ------------------------

C =

    0.3766    0.3356    0.8590
    0.2048    0.8776   -0.4463
    0.9034   -0.3423   -0.2509

Norm obtained: 3.555296 Permuted norm obtained: 3.473551 CC RMS obtained: 2.324289
24-Feb-2017 10:13:29
----------------------- Trial 3 ------------------------

C =

    0.7070    0.1021   -0.6973
    0.5073   -0.7655    0.4149
    0.4927    0.6352    0.5845

Norm obtained: 3.890230 Permuted norm obtained: 3.890230 CC RMS obtained: 1.489392
Average norm: 3.633155 Average permuted norm: 3.605907 CC RMS: 1.847823
Iterations used:           10         100        1000       10000      100000

Norms obtained:     3.7099    3.6801    3.6331    3.6331    3.6332

Permuted norms obtained:     3.7099    3.6588    3.6062    3.6062    3.6059

Correlation constants RMS obtained:     2.5093    2.2373    1.8428    1.8432    1.8478

