Running driver for source indices:      1     3     4

21-Feb-2017 12:30:49
21-Feb-2017 12:30:49
---------------------------------- Number of iterations 5000 -------------------------------
21-Feb-2017 12:30:49
----------------------- Trial 1 ------------------------
Norm obtained: 19.267557
21-Feb-2017 12:31:02
----------------------- Trial 2 ------------------------
Norm obtained: 17.927848
21-Feb-2017 12:31:14
----------------------- Trial 3 ------------------------
Norm obtained: 17.499982
21-Feb-2017 12:31:25
----------------------- Trial 4 ------------------------
Norm obtained: 18.157885
21-Feb-2017 12:31:38
----------------------- Trial 5 ------------------------
Norm obtained: 17.708548
21-Feb-2017 12:31:50
----------------------- Trial 6 ------------------------
Norm obtained: 17.652191
21-Feb-2017 12:32:02
----------------------- Trial 7 ------------------------
Norm obtained: 18.416310
21-Feb-2017 12:32:14
----------------------- Trial 8 ------------------------
Norm obtained: 19.280076
21-Feb-2017 12:32:26
----------------------- Trial 9 ------------------------
Norm obtained: 18.147470
21-Feb-2017 12:32:38
----------------------- Trial 10 ------------------------
Norm obtained: 18.618948
Average norm: 18.267681
21-Feb-2017 12:32:51
---------------------------------- Number of iterations 10000 -------------------------------
21-Feb-2017 12:32:51
----------------------- Trial 1 ------------------------
Norm obtained: 18.137952
21-Feb-2017 12:33:15
----------------------- Trial 2 ------------------------
Norm obtained: 17.635928
21-Feb-2017 12:33:36
----------------------- Trial 3 ------------------------
Norm obtained: 19.272857
21-Feb-2017 12:33:57
----------------------- Trial 4 ------------------------
Norm obtained: 19.350795
21-Feb-2017 12:34:18
----------------------- Trial 5 ------------------------
Norm obtained: 19.277322
21-Feb-2017 12:34:39
----------------------- Trial 6 ------------------------
Norm obtained: 17.527227
21-Feb-2017 12:35:01
----------------------- Trial 7 ------------------------
Norm obtained: 19.605457
21-Feb-2017 12:35:22
----------------------- Trial 8 ------------------------
Norm obtained: 17.713925
21-Feb-2017 12:35:42
----------------------- Trial 9 ------------------------
Norm obtained: 18.601479
21-Feb-2017 12:36:03
----------------------- Trial 10 ------------------------
Norm obtained: 17.595791
Average norm: 18.471873
21-Feb-2017 12:36:25
---------------------------------- Number of iterations 15000 -------------------------------
21-Feb-2017 12:36:25
----------------------- Trial 1 ------------------------
Norm obtained: 17.529608
21-Feb-2017 12:36:54
----------------------- Trial 2 ------------------------
Norm obtained: 18.396475
21-Feb-2017 12:37:25
----------------------- Trial 3 ------------------------
Norm obtained: 17.582499
21-Feb-2017 12:37:55
----------------------- Trial 4 ------------------------
Norm obtained: 18.798462
21-Feb-2017 12:38:26
----------------------- Trial 5 ------------------------
Norm obtained: 17.537069
21-Feb-2017 12:38:56
----------------------- Trial 6 ------------------------
Norm obtained: 19.621257
21-Feb-2017 12:39:27
----------------------- Trial 7 ------------------------
Norm obtained: 19.234098
21-Feb-2017 12:39:59
----------------------- Trial 8 ------------------------
Norm obtained: 18.582684
21-Feb-2017 12:40:30
----------------------- Trial 9 ------------------------
Norm obtained: 19.650486
21-Feb-2017 12:40:58
----------------------- Trial 10 ------------------------
Norm obtained: 18.315890
Average norm: 18.524853
21-Feb-2017 12:41:29
---------------------------------- Number of iterations 20000 -------------------------------
21-Feb-2017 12:41:29
----------------------- Trial 1 ------------------------
Norm obtained: 19.535568
21-Feb-2017 12:42:10
----------------------- Trial 2 ------------------------
Norm obtained: 18.762600
21-Feb-2017 12:42:50
----------------------- Trial 3 ------------------------
Norm obtained: 18.599567
21-Feb-2017 12:43:31
----------------------- Trial 4 ------------------------
Norm obtained: 17.513140
21-Feb-2017 12:44:12
----------------------- Trial 5 ------------------------
Norm obtained: 19.391068
21-Feb-2017 12:44:52
----------------------- Trial 6 ------------------------
Norm obtained: 18.192492
21-Feb-2017 12:45:33
----------------------- Trial 7 ------------------------
Norm obtained: 19.623113
21-Feb-2017 12:46:13
----------------------- Trial 8 ------------------------
Norm obtained: 19.279013
21-Feb-2017 12:46:53
----------------------- Trial 9 ------------------------
Norm obtained: 17.478599
21-Feb-2017 12:47:36
----------------------- Trial 10 ------------------------
Norm obtained: 17.579542
Average norm: 18.595470
21-Feb-2017 12:48:16
---------------------------------- Number of iterations 25000 -------------------------------
21-Feb-2017 12:48:16
----------------------- Trial 1 ------------------------
Norm obtained: 19.166175
21-Feb-2017 12:49:07
----------------------- Trial 2 ------------------------
Norm obtained: 18.248060
21-Feb-2017 12:49:57
----------------------- Trial 3 ------------------------
Norm obtained: 17.722366
21-Feb-2017 12:50:47
----------------------- Trial 4 ------------------------
Norm obtained: 19.667210
21-Feb-2017 12:51:36
----------------------- Trial 5 ------------------------
Norm obtained: 17.612602
21-Feb-2017 12:52:26
----------------------- Trial 6 ------------------------
Norm obtained: 18.431464
21-Feb-2017 12:53:15
----------------------- Trial 7 ------------------------
Norm obtained: 18.089197
21-Feb-2017 12:54:05
----------------------- Trial 8 ------------------------
Norm obtained: 19.008554
21-Feb-2017 12:54:55
----------------------- Trial 9 ------------------------
Norm obtained: 18.795784
21-Feb-2017 12:55:44
----------------------- Trial 10 ------------------------
Norm obtained: 18.349015
Average norm: 18.509043
21-Feb-2017 12:56:34
---------------------------------- Number of iterations 30000 -------------------------------
21-Feb-2017 12:56:34
----------------------- Trial 1 ------------------------
Norm obtained: 17.764445
21-Feb-2017 12:57:34
----------------------- Trial 2 ------------------------
Norm obtained: 19.609781
21-Feb-2017 12:58:32
----------------------- Trial 3 ------------------------
Norm obtained: 19.122289
21-Feb-2017 12:59:34
----------------------- Trial 4 ------------------------
Norm obtained: 17.524272
21-Feb-2017 13:00:36
----------------------- Trial 5 ------------------------
Norm obtained: 17.478825
21-Feb-2017 13:01:36
----------------------- Trial 6 ------------------------
MEvent. CASE!
MEvent. CASE!
MEvent. CASE!
MEvent. CASE!
MEvent. CASE!
MEvent. CASE!
MEvent. CASE!
MEvent. CASE!
MEvent. CASE!
MEvent. CASE!
MEvent. CASE!
MEvent. CASE!
MEvent. CASE!
MEvent. CASE!
MEvent. CASE!
MEvent. CASE!
MEvent. CASE!
MEvent. CASE!
MEvent. CASE!
MEvent. CASE!
MEvent. CASE!
MEvent. CASE!
Norm obtained: 17.728831
21-Feb-2017 13:02:38
----------------------- Trial 7 ------------------------
Norm obtained: 19.660617
21-Feb-2017 13:03:41
----------------------- Trial 8 ------------------------
Norm obtained: 19.652136
21-Feb-2017 13:04:48
----------------------- Trial 9 ------------------------
Norm obtained: 18.937064
21-Feb-2017 13:05:56
----------------------- Trial 10 ------------------------
Norm obtained: 19.666935
Average norm: 18.714520
21-Feb-2017 13:07:15
---------------------------------- Number of iterations 35000 -------------------------------
21-Feb-2017 13:07:15
----------------------- Trial 1 ------------------------
Norm obtained: 19.014226
21-Feb-2017 13:08:26
----------------------- Trial 2 ------------------------
Norm obtained: 19.637757
21-Feb-2017 13:09:49
----------------------- Trial 3 ------------------------
Norm obtained: 19.302340
21-Feb-2017 13:11:06
----------------------- Trial 4 ------------------------
Norm obtained: 19.603010
21-Feb-2017 13:12:22
----------------------- Trial 5 ------------------------
Norm obtained: 18.102733
21-Feb-2017 13:13:42
----------------------- Trial 6 ------------------------
Norm obtained: 18.840175
21-Feb-2017 13:15:09
----------------------- Trial 7 ------------------------
Norm obtained: 18.361256
21-Feb-2017 13:16:23
----------------------- Trial 8 ------------------------
Norm obtained: 17.567974
21-Feb-2017 13:17:37
----------------------- Trial 9 ------------------------
Norm obtained: 18.171805
21-Feb-2017 13:19:00
----------------------- Trial 10 ------------------------
Norm obtained: 19.654808
Average norm: 18.825608
21-Feb-2017 13:20:21
---------------------------------- Number of iterations 40000 -------------------------------
21-Feb-2017 13:20:21
----------------------- Trial 1 ------------------------
Norm obtained: 19.640890
21-Feb-2017 13:21:41
----------------------- Trial 2 ------------------------
Norm obtained: 19.115173
21-Feb-2017 13:22:58
----------------------- Trial 3 ------------------------
Norm obtained: 19.133059
21-Feb-2017 13:24:18
----------------------- Trial 4 ------------------------
Norm obtained: 18.801104
21-Feb-2017 13:25:46
----------------------- Trial 5 ------------------------
Norm obtained: 19.529916
21-Feb-2017 13:27:09
----------------------- Trial 6 ------------------------
Norm obtained: 17.835240
21-Feb-2017 13:28:32
----------------------- Trial 7 ------------------------
Norm obtained: 18.176752
21-Feb-2017 13:29:56
----------------------- Trial 8 ------------------------
Norm obtained: 17.638376
21-Feb-2017 13:31:29
----------------------- Trial 9 ------------------------
Norm obtained: 17.952527
21-Feb-2017 13:32:48
----------------------- Trial 10 ------------------------
Norm obtained: 19.645921
Average norm: 18.746896
21-Feb-2017 13:34:10
---------------------------------- Number of iterations 45000 -------------------------------
21-Feb-2017 13:34:10
----------------------- Trial 1 ------------------------
Norm obtained: 18.542452
21-Feb-2017 13:35:46
----------------------- Trial 2 ------------------------
Norm obtained: 18.153523
21-Feb-2017 13:37:15
----------------------- Trial 3 ------------------------
Norm obtained: 19.228469
21-Feb-2017 13:38:41
----------------------- Trial 4 ------------------------
Norm obtained: 18.484043
21-Feb-2017 13:40:09
----------------------- Trial 5 ------------------------
Norm obtained: 18.877250
21-Feb-2017 13:41:39
----------------------- Trial 6 ------------------------
Norm obtained: 19.078536
21-Feb-2017 13:43:10
----------------------- Trial 7 ------------------------
Norm obtained: 17.497825
21-Feb-2017 13:44:38
----------------------- Trial 8 ------------------------
Norm obtained: 19.381809
21-Feb-2017 13:46:05
----------------------- Trial 9 ------------------------
Norm obtained: 17.611673
21-Feb-2017 13:47:32
----------------------- Trial 10 ------------------------
MEvent. CASE!
MEvent. CASE!
Norm obtained: 19.610892
Average norm: 18.646647
21-Feb-2017 13:49:01
---------------------------------- Number of iterations 50000 -------------------------------
21-Feb-2017 13:49:01
----------------------- Trial 1 ------------------------
Norm obtained: 19.617913
21-Feb-2017 13:50:41
----------------------- Trial 2 ------------------------
Norm obtained: 18.728710
21-Feb-2017 13:52:18
----------------------- Trial 3 ------------------------
Norm obtained: 18.334173
21-Feb-2017 13:53:55
----------------------- Trial 4 ------------------------
Norm obtained: 17.589033
21-Feb-2017 13:55:36
----------------------- Trial 5 ------------------------
Norm obtained: 19.586219
21-Feb-2017 13:57:14
----------------------- Trial 6 ------------------------
Norm obtained: 18.207798
21-Feb-2017 13:58:51
----------------------- Trial 7 ------------------------
Norm obtained: 19.069564
21-Feb-2017 14:00:29
----------------------- Trial 8 ------------------------
Norm obtained: 19.325625
21-Feb-2017 14:02:08
----------------------- Trial 9 ------------------------
Norm obtained: 19.326678
21-Feb-2017 14:03:46
----------------------- Trial 10 ------------------------
Norm obtained: 19.436282
Average norm: 18.922200
21-Feb-2017 14:05:23
---------------------------------- Number of iterations 55000 -------------------------------
21-Feb-2017 14:05:23
----------------------- Trial 1 ------------------------
Norm obtained: 19.246785
21-Feb-2017 14:07:10
----------------------- Trial 2 ------------------------
Norm obtained: 19.548564
21-Feb-2017 14:09:00
----------------------- Trial 3 ------------------------
Norm obtained: 17.778739
21-Feb-2017 14:10:46
----------------------- Trial 4 ------------------------
Norm obtained: 19.280964
21-Feb-2017 14:12:32
----------------------- Trial 5 ------------------------
Norm obtained: 19.514493
21-Feb-2017 14:14:19
----------------------- Trial 6 ------------------------
Norm obtained: 18.083721
21-Feb-2017 14:16:07
----------------------- Trial 7 ------------------------
Norm obtained: 19.415058
21-Feb-2017 14:17:52
----------------------- Trial 8 ------------------------
Norm obtained: 17.915461
21-Feb-2017 14:19:36
----------------------- Trial 9 ------------------------
Norm obtained: 19.631468
21-Feb-2017 14:21:24
----------------------- Trial 10 ------------------------
Norm obtained: 17.982571
Average norm: 18.839782
21-Feb-2017 14:23:09
---------------------------------- Number of iterations 60000 -------------------------------
21-Feb-2017 14:23:09
----------------------- Trial 1 ------------------------
Norm obtained: 18.314392
21-Feb-2017 14:25:05
----------------------- Trial 2 ------------------------
Norm obtained: 19.651926
21-Feb-2017 14:27:01
----------------------- Trial 3 ------------------------
Norm obtained: 19.536224
21-Feb-2017 14:28:59
----------------------- Trial 4 ------------------------
Norm obtained: 19.359013
21-Feb-2017 14:30:54
----------------------- Trial 5 ------------------------
Norm obtained: 18.562741
21-Feb-2017 14:32:51
----------------------- Trial 6 ------------------------
Norm obtained: 17.541031
21-Feb-2017 14:34:46
----------------------- Trial 7 ------------------------
Norm obtained: 19.474930
21-Feb-2017 14:36:43
----------------------- Trial 8 ------------------------
Norm obtained: 17.469644
21-Feb-2017 14:38:39
----------------------- Trial 9 ------------------------
Norm obtained: 18.167441
21-Feb-2017 14:40:33
----------------------- Trial 10 ------------------------
Norm obtained: 17.771518
Average norm: 18.584886
21-Feb-2017 14:42:27
---------------------------------- Number of iterations 65000 -------------------------------
21-Feb-2017 14:42:27
----------------------- Trial 1 ------------------------
Norm obtained: 19.421056
21-Feb-2017 14:44:30
----------------------- Trial 2 ------------------------
Norm obtained: 19.458374
21-Feb-2017 14:46:31
----------------------- Trial 3 ------------------------
Norm obtained: 19.377006
21-Feb-2017 14:48:33
----------------------- Trial 4 ------------------------
Norm obtained: 19.308407
21-Feb-2017 14:50:35
----------------------- Trial 5 ------------------------
Norm obtained: 18.109271
21-Feb-2017 14:52:41
----------------------- Trial 6 ------------------------
Norm obtained: 19.301361
21-Feb-2017 14:54:45
----------------------- Trial 7 ------------------------
Norm obtained: 18.470021
21-Feb-2017 14:56:52
----------------------- Trial 8 ------------------------
Norm obtained: 18.027577
21-Feb-2017 14:58:57
----------------------- Trial 9 ------------------------
Norm obtained: 19.582303
21-Feb-2017 15:01:03
----------------------- Trial 10 ------------------------
Norm obtained: 17.654155
Average norm: 18.870953
21-Feb-2017 15:03:07
---------------------------------- Number of iterations 70000 -------------------------------
21-Feb-2017 15:03:07
----------------------- Trial 1 ------------------------
Norm obtained: 18.365039
21-Feb-2017 15:05:21
----------------------- Trial 2 ------------------------
Norm obtained: 19.669114
21-Feb-2017 15:07:36
----------------------- Trial 3 ------------------------
Norm obtained: 19.544916
21-Feb-2017 15:09:49
----------------------- Trial 4 ------------------------
Norm obtained: 19.522683
21-Feb-2017 15:12:01
----------------------- Trial 5 ------------------------
Norm obtained: 17.525273
21-Feb-2017 15:14:16
----------------------- Trial 6 ------------------------
Norm obtained: 17.523674
21-Feb-2017 15:16:26
----------------------- Trial 7 ------------------------
Norm obtained: 19.187139
21-Feb-2017 15:18:41
----------------------- Trial 8 ------------------------
Norm obtained: 19.678279
21-Feb-2017 15:20:55
----------------------- Trial 9 ------------------------
Norm obtained: 19.607061
21-Feb-2017 15:23:08
----------------------- Trial 10 ------------------------
Norm obtained: 19.232680
Average norm: 18.985586
21-Feb-2017 15:25:21
---------------------------------- Number of iterations 75000 -------------------------------
21-Feb-2017 15:25:21
----------------------- Trial 1 ------------------------
Norm obtained: 17.583464
21-Feb-2017 15:27:44
----------------------- Trial 2 ------------------------
Norm obtained: 17.524075
21-Feb-2017 15:30:07
----------------------- Trial 3 ------------------------
Norm obtained: 18.166209
21-Feb-2017 15:32:30
----------------------- Trial 4 ------------------------
Norm obtained: 18.920152
21-Feb-2017 15:35:17
----------------------- Trial 5 ------------------------
Norm obtained: 19.138706
21-Feb-2017 15:37:59
----------------------- Trial 6 ------------------------
Norm obtained: 18.504654
21-Feb-2017 15:40:31
----------------------- Trial 7 ------------------------
Norm obtained: 19.001794
21-Feb-2017 15:43:24
----------------------- Trial 8 ------------------------
Norm obtained: 18.347382
21-Feb-2017 15:46:18
----------------------- Trial 9 ------------------------
Norm obtained: 17.674658
21-Feb-2017 15:48:55
----------------------- Trial 10 ------------------------
Norm obtained: 18.419674
Average norm: 18.328077
21-Feb-2017 15:51:29
---------------------------------- Number of iterations 80000 -------------------------------
21-Feb-2017 15:51:29
----------------------- Trial 1 ------------------------
Norm obtained: 17.564608
21-Feb-2017 15:54:16
----------------------- Trial 2 ------------------------
Norm obtained: 19.550128
21-Feb-2017 15:57:05
----------------------- Trial 3 ------------------------
Norm obtained: 19.136504
21-Feb-2017 15:59:50
----------------------- Trial 4 ------------------------
Norm obtained: 17.592361
21-Feb-2017 16:02:33
----------------------- Trial 5 ------------------------
Norm obtained: 17.844112
21-Feb-2017 16:05:13
----------------------- Trial 6 ------------------------
Norm obtained: 17.525019
21-Feb-2017 16:07:53
----------------------- Trial 7 ------------------------
Norm obtained: 18.662248
21-Feb-2017 16:10:36
----------------------- Trial 8 ------------------------
Norm obtained: 17.740827
21-Feb-2017 16:13:16
----------------------- Trial 9 ------------------------
Norm obtained: 18.025647
21-Feb-2017 16:16:09
----------------------- Trial 10 ------------------------
Norm obtained: 17.483731
Average norm: 18.112519
21-Feb-2017 16:18:51
---------------------------------- Number of iterations 85000 -------------------------------
21-Feb-2017 16:18:51
----------------------- Trial 1 ------------------------
Norm obtained: 17.536172
21-Feb-2017 16:21:38
----------------------- Trial 2 ------------------------
Norm obtained: 17.690196
21-Feb-2017 16:24:33
----------------------- Trial 3 ------------------------
Norm obtained: 17.957589
21-Feb-2017 16:27:29
----------------------- Trial 4 ------------------------
Norm obtained: 19.173126
21-Feb-2017 16:30:26
----------------------- Trial 5 ------------------------
Norm obtained: 18.441806
21-Feb-2017 16:33:11
----------------------- Trial 6 ------------------------
Norm obtained: 19.661003
21-Feb-2017 16:36:01
----------------------- Trial 7 ------------------------
Norm obtained: 19.650838
21-Feb-2017 16:39:07
----------------------- Trial 8 ------------------------
Norm obtained: 19.641554
21-Feb-2017 16:42:06
----------------------- Trial 9 ------------------------
Norm obtained: 19.154680
21-Feb-2017 16:45:14
----------------------- Trial 10 ------------------------
Norm obtained: 17.497433
Average norm: 18.640440
21-Feb-2017 16:48:22
---------------------------------- Number of iterations 90000 -------------------------------
21-Feb-2017 16:48:22
----------------------- Trial 1 ------------------------
Norm obtained: 18.319194
21-Feb-2017 16:51:27
----------------------- Trial 2 ------------------------
Norm obtained: 17.852240
21-Feb-2017 16:54:28
----------------------- Trial 3 ------------------------
Norm obtained: 19.356436
21-Feb-2017 16:57:26
----------------------- Trial 4 ------------------------
Norm obtained: 19.648303
21-Feb-2017 17:00:21
----------------------- Trial 5 ------------------------
Norm obtained: 19.311173
21-Feb-2017 17:03:16
----------------------- Trial 6 ------------------------
Norm obtained: 17.581157
21-Feb-2017 17:06:11
----------------------- Trial 7 ------------------------
Norm obtained: 19.186084
21-Feb-2017 17:09:10
----------------------- Trial 8 ------------------------
Norm obtained: 18.320037
21-Feb-2017 17:12:02
----------------------- Trial 9 ------------------------
Norm obtained: 18.855254
21-Feb-2017 17:14:55
----------------------- Trial 10 ------------------------
Norm obtained: 17.555593
Average norm: 18.598547
21-Feb-2017 17:17:33
---------------------------------- Number of iterations 95000 -------------------------------
21-Feb-2017 17:17:33
----------------------- Trial 1 ------------------------
Norm obtained: 19.311514
21-Feb-2017 17:20:05
----------------------- Trial 2 ------------------------
Norm obtained: 18.942691
21-Feb-2017 17:22:42
----------------------- Trial 3 ------------------------
Norm obtained: 17.541669
21-Feb-2017 17:25:15
----------------------- Trial 4 ------------------------
Norm obtained: 17.840499
21-Feb-2017 17:27:44
----------------------- Trial 5 ------------------------
Norm obtained: 18.522439
21-Feb-2017 17:30:18
----------------------- Trial 6 ------------------------
Norm obtained: 17.535730
21-Feb-2017 17:32:51
----------------------- Trial 7 ------------------------
Norm obtained: 18.818713
21-Feb-2017 17:35:28
----------------------- Trial 8 ------------------------
Norm obtained: 18.033755
21-Feb-2017 17:37:59
----------------------- Trial 9 ------------------------
Norm obtained: 19.528313
21-Feb-2017 17:40:36
----------------------- Trial 10 ------------------------
Norm obtained: 18.772913
Average norm: 18.484824
21-Feb-2017 17:43:05
---------------------------------- Number of iterations 100000 -------------------------------
21-Feb-2017 17:43:05
----------------------- Trial 1 ------------------------
Norm obtained: 19.427038
21-Feb-2017 17:45:41
----------------------- Trial 2 ------------------------
Norm obtained: 17.469910
21-Feb-2017 17:48:18
----------------------- Trial 3 ------------------------
Norm obtained: 19.086419
21-Feb-2017 17:50:52
----------------------- Trial 4 ------------------------
Norm obtained: 19.373995
21-Feb-2017 17:53:27
----------------------- Trial 5 ------------------------
Norm obtained: 19.537671
21-Feb-2017 17:56:03
----------------------- Trial 6 ------------------------
Norm obtained: 19.647207
21-Feb-2017 17:58:39
----------------------- Trial 7 ------------------------
Norm obtained: 19.676280
21-Feb-2017 18:01:17
----------------------- Trial 8 ------------------------
Norm obtained: 19.555194
21-Feb-2017 18:03:51
----------------------- Trial 9 ------------------------
Norm obtained: 19.452827
21-Feb-2017 18:06:29
----------------------- Trial 10 ------------------------
Norm obtained: 19.606508
Average norm: 19.283305
Iterations used:   Columns 1 through 12

        5000       10000       15000       20000       25000       30000       35000       40000       45000       50000       55000       60000

  Columns 13 through 20

       65000       70000       75000       80000       85000       90000       95000      100000

Norms obtained:   Columns 1 through 14

   18.2677   18.4719   18.5249   18.5955   18.5090   18.7145   18.8256   18.7469   18.6466   18.9222   18.8398   18.5849   18.8710   18.9856

  Columns 15 through 20

   18.3281   18.1125   18.6404   18.5985   18.4848   19.2833

Running driver for source indices:      1     3     4

24-Feb-2017 15:49:40
24-Feb-2017 15:49:40
---------------------------------- Number of iterations 5000 -------------------------------
24-Feb-2017 15:49:40
----------------------- Trial 1 ------------------------

C =

    0.7288    0.3325   -0.5990
    0.1467    0.7752    0.6009
    0.6688   -0.5371    0.5292

<a href="matlab: opentoline('/usr/local/MATLAB/R2016b/toolbox/matlab/matfun/pinv.m',19,1)">19  </a>s = diag(S);
if system_dependent('IsDebugMode')==1, dbquit; end
MEvent. CASE!
MEvent. CASE!
MEvent. CASE!
MEvent. CASE!
